This is pdfTeX, Version 3.141592653-2.6-1.40.24 (TeX Live 2022) (preloaded format=pdflatex 2022.11.5)  20 NOV 2022 08:06
entering extended mode
 restricted \write18 enabled.
 %&-line parsing enabled.
**2022-interaction.tex
(./2022-interaction.tex
LaTeX2e <2022-11-01>
L3 programming layer <2022-11-02> (/home/luis/.TinyTeX/texmf-dist/tex/latex/beamer/beamer.cls
Document Class: beamer 2022/09/13 v3.68 A class for typesetting presentations
(/home/luis/.TinyTeX/texmf-dist/tex/latex/beamer/beamerbasemodes.sty (/home/luis/.TinyTeX/texmf-dist/tex/latex/etoolbox/etoolbox.sty
Package: etoolbox 2020/10/05 v2.5k e-TeX tools for LaTeX (JAW)
\etb@tempcnta=\count185
)
\beamer@tempbox=\box51
\beamer@tempcount=\count186
\c@beamerpauses=\count187
(/home/luis/.TinyTeX/texmf-dist/tex/latex/beamer/beamerbasedecode.sty
\beamer@slideinframe=\count188
\beamer@minimum=\count189
\beamer@decode@box=\box52
)
\beamer@commentbox=\box53
\beamer@modecount=\count190
) (/home/luis/.TinyTeX/texmf-dist/tex/generic/iftex/iftex.sty
Package: iftex 2022/02/03 v1.0f TeX engine tests
)
\headdp=\dimen140
\footheight=\dimen141
\sidebarheight=\dimen142
\beamer@tempdim=\dimen143
\beamer@finalheight=\dimen144
\beamer@animht=\dimen145
\beamer@animdp=\dimen146
\beamer@animwd=\dimen147
\beamer@leftmargin=\dimen148
\beamer@rightmargin=\dimen149
\beamer@leftsidebar=\dimen150
\beamer@rightsidebar=\dimen151
\beamer@boxsize=\dimen152
\beamer@vboxoffset=\dimen153
\beamer@descdefault=\dimen154
\beamer@descriptionwidth=\dimen155
\beamer@lastskip=\skip47
\beamer@areabox=\box54
\beamer@animcurrent=\box55
\beamer@animshowbox=\box56
\beamer@sectionbox=\box57
\beamer@logobox=\box58
\beamer@linebox=\box59
\beamer@sectioncount=\count191
\beamer@subsubsectionmax=\count192
\beamer@subsectionmax=\count193
\beamer@sectionmax=\count194
\beamer@totalheads=\count195
\beamer@headcounter=\count196
\beamer@partstartpage=\count197
\beamer@sectionstartpage=\count198
\beamer@subsectionstartpage=\count199
\beamer@animationtempa=\count266
\beamer@animationtempb=\count267
\beamer@xpos=\count268
\beamer@ypos=\count269
\beamer@ypos@offset=\count270
\beamer@showpartnumber=\count271
\beamer@currentsubsection=\count272
\beamer@coveringdepth=\count273
\beamer@sectionadjust=\count274
\beamer@toclastsection=\count275
\beamer@tocsectionnumber=\count276
(/home/luis/.TinyTeX/texmf-dist/tex/latex/beamer/beamerbaseoptions.sty (/home/luis/.TinyTeX/texmf-dist/tex/latex/graphics/keyval.sty
Package: keyval 2022/05/29 v1.15 key=value parser (DPC)
\KV@toks@=\toks16
))
\beamer@paperwidth=\skip48
\beamer@paperheight=\skip49
(/home/luis/.TinyTeX/texmf-dist/tex/latex/geometry/geometry.sty
Package: geometry 2020/01/02 v5.9 Page Geometry
(/home/luis/.TinyTeX/texmf-dist/tex/generic/iftex/ifvtex.sty
Package: ifvtex 2019/10/25 v1.7 ifvtex legacy package. Use iftex instead.
)
\Gm@cnth=\count277
\Gm@cntv=\count278
\c@Gm@tempcnt=\count279
\Gm@bindingoffset=\dimen156
\Gm@wd@mp=\dimen157
\Gm@odd@mp=\dimen158
\Gm@even@mp=\dimen159
\Gm@layoutwidth=\dimen160
\Gm@layoutheight=\dimen161
\Gm@layouthoffset=\dimen162
\Gm@layoutvoffset=\dimen163
\Gm@dimlist=\toks17
) (/home/luis/.TinyTeX/texmf-dist/tex/latex/pgf/math/pgfmath.sty (/home/luis/.TinyTeX/texmf-dist/tex/latex/pgf/utilities/pgfrcs.sty (/home/luis/.TinyTeX/texmf-dist/tex/generic/pgf/utilities/pgfutil-common.tex
\pgfutil@everybye=\toks18
\pgfutil@tempdima=\dimen164
\pgfutil@tempdimb=\dimen165
(/home/luis/.TinyTeX/texmf-dist/tex/generic/pgf/utilities/pgfutil-common-lists.tex)) (/home/luis/.TinyTeX/texmf-dist/tex/generic/pgf/utilities/pgfutil-latex.def
\pgfutil@abb=\box60
) (/home/luis/.TinyTeX/texmf-dist/tex/generic/pgf/utilities/pgfrcs.code.tex (/home/luis/.TinyTeX/texmf-dist/tex/generic/pgf/pgf.revision.tex)
Package: pgfrcs 2021/05/15 v3.1.9a (3.1.9a)
)) (/home/luis/.TinyTeX/texmf-dist/tex/latex/pgf/utilities/pgfkeys.sty (/home/luis/.TinyTeX/texmf-dist/tex/generic/pgf/utilities/pgfkeys.code.tex
\pgfkeys@pathtoks=\toks19
\pgfkeys@temptoks=\toks20
(/home/luis/.TinyTeX/texmf-dist/tex/generic/pgf/utilities/pgfkeysfiltered.code.tex
\pgfkeys@tmptoks=\toks21
))) (/home/luis/.TinyTeX/texmf-dist/tex/generic/pgf/math/pgfmath.code.tex (/home/luis/.TinyTeX/texmf-dist/tex/generic/pgf/math/pgfmathcalc.code.tex (/home/luis/.TinyTeX/texmf-dist/tex/generic/pgf/math/pgfmathutil.code.tex
\pgf@x=\dimen166
\pgf@xa=\dimen167
\pgf@xb=\dimen168
\pgf@xc=\dimen169
\pgf@y=\dimen170
\pgf@ya=\dimen171
\pgf@yb=\dimen172
\pgf@yc=\dimen173
\c@pgf@counta=\count280
\c@pgf@countb=\count281
\c@pgf@countc=\count282
\c@pgf@countd=\count283
) (/home/luis/.TinyTeX/texmf-dist/tex/generic/pgf/math/pgfmathparser.code.tex
\pgfmath@dimen=\dimen174
\pgfmath@count=\count284
\pgfmath@box=\box61
\pgfmath@toks=\toks22
\pgfmath@stack@operand=\toks23
\pgfmath@stack@operation=\toks24
) (/home/luis/.TinyTeX/texmf-dist/tex/generic/pgf/math/pgfmathfunctions.code.tex (/home/luis/.TinyTeX/texmf-dist/tex/generic/pgf/math/pgfmathfunctions.basic.code.tex) (/home/luis/.TinyTeX/texmf-dist/tex/generic/pgf/math/pgfmathfunctions.trigonometric.code.tex) (/home/luis/.TinyTeX/texmf-dist/tex/generic/pgf/math/pgfmathfunctions.random.code.tex) (/home/luis/.TinyTeX/texmf-dist/tex/generic/pgf/math/pgfmathfunctions.comparison.code.tex) (/home/luis/.TinyTeX/texmf-dist/tex/generic/pgf/math/pgfmathfunctions.base.code.tex) (/home/luis/.TinyTeX/texmf-dist/tex/generic/pgf/math/pgfmathfunctions.round.code.tex) (/home/luis/.TinyTeX/texmf-dist/tex/generic/pgf/math/pgfmathfunctions.misc.code.tex) (/home/luis/.TinyTeX/texmf-dist/tex/generic/pgf/math/pgfmathfunctions.integerarithmetics.code.tex))) (/home/luis/.TinyTeX/texmf-dist/tex/generic/pgf/math/pgfmathfloat.code.tex
\c@pgfmathroundto@lastzeros=\count285
))) (/home/luis/.TinyTeX/texmf-dist/tex/latex/base/size11.clo
File: size11.clo 2022/07/02 v1.4n Standard LaTeX file (size option)
) (/home/luis/.TinyTeX/texmf-dist/tex/latex/pgf/basiclayer/pgfcore.sty (/home/luis/.TinyTeX/texmf-dist/tex/latex/graphics/graphicx.sty
Package: graphicx 2021/09/16 v1.2d Enhanced LaTeX Graphics (DPC,SPQR)
(/home/luis/.TinyTeX/texmf-dist/tex/latex/graphics/graphics.sty
Package: graphics 2022/03/10 v1.4e Standard LaTeX Graphics (DPC,SPQR)
(/home/luis/.TinyTeX/texmf-dist/tex/latex/graphics/trig.sty
Package: trig 2021/08/11 v1.11 sin cos tan (DPC)
) (/home/luis/.TinyTeX/texmf-dist/tex/latex/graphics-cfg/graphics.cfg
File: graphics.cfg 2016/06/04 v1.11 sample graphics configuration
)
Package graphics Info: Driver file: pdftex.def on input line 107.
(/home/luis/.TinyTeX/texmf-dist/tex/latex/graphics-def/pdftex.def
File: pdftex.def 2022/09/22 v1.2b Graphics/color driver for pdftex
))
\Gin@req@height=\dimen175
\Gin@req@width=\dimen176
) (/home/luis/.TinyTeX/texmf-dist/tex/latex/pgf/systemlayer/pgfsys.sty (/home/luis/.TinyTeX/texmf-dist/tex/generic/pgf/systemlayer/pgfsys.code.tex
Package: pgfsys 2021/05/15 v3.1.9a (3.1.9a)
(/home/luis/.TinyTeX/texmf-dist/tex/generic/pgf/utilities/pgfkeys.code.tex)
\pgf@x=\dimen177
\pgf@y=\dimen178
\pgf@xa=\dimen179
\pgf@ya=\dimen180
\pgf@xb=\dimen181
\pgf@yb=\dimen182
\pgf@xc=\dimen183
\pgf@yc=\dimen184
\pgf@xd=\dimen185
\pgf@yd=\dimen186
\w@pgf@writea=\write3
\r@pgf@reada=\read2
\c@pgf@counta=\count286
\c@pgf@countb=\count287
\c@pgf@countc=\count288
\c@pgf@countd=\count289
\t@pgf@toka=\toks25
\t@pgf@tokb=\toks26
\t@pgf@tokc=\toks27
\pgf@sys@id@count=\count290
(/home/luis/.TinyTeX/texmf-dist/tex/generic/pgf/systemlayer/pgf.cfg
File: pgf.cfg 2021/05/15 v3.1.9a (3.1.9a)
)
Driver file for pgf: pgfsys-pdftex.def
(/home/luis/.TinyTeX/texmf-dist/tex/generic/pgf/systemlayer/pgfsys-pdftex.def
File: pgfsys-pdftex.def 2021/05/15 v3.1.9a (3.1.9a)
(/home/luis/.TinyTeX/texmf-dist/tex/generic/pgf/systemlayer/pgfsys-common-pdf.def
File: pgfsys-common-pdf.def 2021/05/15 v3.1.9a (3.1.9a)
))) (/home/luis/.TinyTeX/texmf-dist/tex/generic/pgf/systemlayer/pgfsyssoftpath.code.tex
File: pgfsyssoftpath.code.tex 2021/05/15 v3.1.9a (3.1.9a)
\pgfsyssoftpath@smallbuffer@items=\count291
\pgfsyssoftpath@bigbuffer@items=\count292
) (/home/luis/.TinyTeX/texmf-dist/tex/generic/pgf/systemlayer/pgfsysprotocol.code.tex
File: pgfsysprotocol.code.tex 2021/05/15 v3.1.9a (3.1.9a)
)) (/home/luis/.TinyTeX/texmf-dist/tex/latex/xcolor/xcolor.sty
Package: xcolor 2022/06/12 v2.14 LaTeX color extensions (UK)
(/home/luis/.TinyTeX/texmf-dist/tex/latex/graphics-cfg/color.cfg
File: color.cfg 2016/01/02 v1.6 sample color configuration
)
Package xcolor Info: Driver file: pdftex.def on input line 227.
(/home/luis/.TinyTeX/texmf-dist/tex/latex/graphics/mathcolor.ltx)
Package xcolor Info: Model `cmy' substituted by `cmy0' on input line 1353.
Package xcolor Info: Model `hsb' substituted by `rgb' on input line 1357.
Package xcolor Info: Model `RGB' extended on input line 1369.
Package xcolor Info: Model `HTML' substituted by `rgb' on input line 1371.
Package xcolor Info: Model `Hsb' substituted by `hsb' on input line 1372.
Package xcolor Info: Model `tHsb' substituted by `hsb' on input line 1373.
Package xcolor Info: Model `HSB' substituted by `hsb' on input line 1374.
Package xcolor Info: Model `Gray' substituted by `gray' on input line 1375.
Package xcolor Info: Model `wave' substituted by `hsb' on input line 1376.
) (/home/luis/.TinyTeX/texmf-dist/tex/generic/pgf/basiclayer/pgfcore.code.tex
Package: pgfcore 2021/05/15 v3.1.9a (3.1.9a)
(/home/luis/.TinyTeX/texmf-dist/tex/generic/pgf/math/pgfmath.code.tex) (/home/luis/.TinyTeX/texmf-dist/tex/generic/pgf/math/pgfint.code.tex) (/home/luis/.TinyTeX/texmf-dist/tex/generic/pgf/basiclayer/pgfcorepoints.code.tex
File: pgfcorepoints.code.tex 2021/05/15 v3.1.9a (3.1.9a)
\pgf@picminx=\dimen187
\pgf@picmaxx=\dimen188
\pgf@picminy=\dimen189
\pgf@picmaxy=\dimen190
\pgf@pathminx=\dimen191
\pgf@pathmaxx=\dimen192
\pgf@pathminy=\dimen193
\pgf@pathmaxy=\dimen194
\pgf@xx=\dimen195
\pgf@xy=\dimen196
\pgf@yx=\dimen197
\pgf@yy=\dimen198
\pgf@zx=\dimen199
\pgf@zy=\dimen256
) (/home/luis/.TinyTeX/texmf-dist/tex/generic/pgf/basiclayer/pgfcorepathconstruct.code.tex
File: pgfcorepathconstruct.code.tex 2021/05/15 v3.1.9a (3.1.9a)
\pgf@path@lastx=\dimen257
\pgf@path@lasty=\dimen258
) (/home/luis/.TinyTeX/texmf-dist/tex/generic/pgf/basiclayer/pgfcorepathusage.code.tex
File: pgfcorepathusage.code.tex 2021/05/15 v3.1.9a (3.1.9a)
\pgf@shorten@end@additional=\dimen259
\pgf@shorten@start@additional=\dimen260
) (/home/luis/.TinyTeX/texmf-dist/tex/generic/pgf/basiclayer/pgfcorescopes.code.tex
File: pgfcorescopes.code.tex 2021/05/15 v3.1.9a (3.1.9a)
\pgfpic=\box62
\pgf@hbox=\box63
\pgf@layerbox@main=\box64
\pgf@picture@serial@count=\count293
) (/home/luis/.TinyTeX/texmf-dist/tex/generic/pgf/basiclayer/pgfcoregraphicstate.code.tex
File: pgfcoregraphicstate.code.tex 2021/05/15 v3.1.9a (3.1.9a)
\pgflinewidth=\dimen261
) (/home/luis/.TinyTeX/texmf-dist/tex/generic/pgf/basiclayer/pgfcoretransformations.code.tex
File: pgfcoretransformations.code.tex 2021/05/15 v3.1.9a (3.1.9a)
\pgf@pt@x=\dimen262
\pgf@pt@y=\dimen263
\pgf@pt@temp=\dimen264
) (/home/luis/.TinyTeX/texmf-dist/tex/generic/pgf/basiclayer/pgfcorequick.code.tex
File: pgfcorequick.code.tex 2021/05/15 v3.1.9a (3.1.9a)
) (/home/luis/.TinyTeX/texmf-dist/tex/generic/pgf/basiclayer/pgfcoreobjects.code.tex
File: pgfcoreobjects.code.tex 2021/05/15 v3.1.9a (3.1.9a)
) (/home/luis/.TinyTeX/texmf-dist/tex/generic/pgf/basiclayer/pgfcorepathprocessing.code.tex
File: pgfcorepathprocessing.code.tex 2021/05/15 v3.1.9a (3.1.9a)
) (/home/luis/.TinyTeX/texmf-dist/tex/generic/pgf/basiclayer/pgfcorearrows.code.tex
File: pgfcorearrows.code.tex 2021/05/15 v3.1.9a (3.1.9a)
\pgfarrowsep=\dimen265
) (/home/luis/.TinyTeX/texmf-dist/tex/generic/pgf/basiclayer/pgfcoreshade.code.tex
File: pgfcoreshade.code.tex 2021/05/15 v3.1.9a (3.1.9a)
\pgf@max=\dimen266
\pgf@sys@shading@range@num=\count294
\pgf@shadingcount=\count295
) (/home/luis/.TinyTeX/texmf-dist/tex/generic/pgf/basiclayer/pgfcoreimage.code.tex
File: pgfcoreimage.code.tex 2021/05/15 v3.1.9a (3.1.9a)
(/home/luis/.TinyTeX/texmf-dist/tex/generic/pgf/basiclayer/pgfcoreexternal.code.tex
File: pgfcoreexternal.code.tex 2021/05/15 v3.1.9a (3.1.9a)
\pgfexternal@startupbox=\box65
)) (/home/luis/.TinyTeX/texmf-dist/tex/generic/pgf/basiclayer/pgfcorelayers.code.tex
File: pgfcorelayers.code.tex 2021/05/15 v3.1.9a (3.1.9a)
) (/home/luis/.TinyTeX/texmf-dist/tex/generic/pgf/basiclayer/pgfcoretransparency.code.tex
File: pgfcoretransparency.code.tex 2021/05/15 v3.1.9a (3.1.9a)
) (/home/luis/.TinyTeX/texmf-dist/tex/generic/pgf/basiclayer/pgfcorepatterns.code.tex
File: pgfcorepatterns.code.tex 2021/05/15 v3.1.9a (3.1.9a)
) (/home/luis/.TinyTeX/texmf-dist/tex/generic/pgf/basiclayer/pgfcorerdf.code.tex
File: pgfcorerdf.code.tex 2021/05/15 v3.1.9a (3.1.9a)
))) (/home/luis/.TinyTeX/texmf-dist/tex/latex/pgf/utilities/xxcolor.sty
Package: xxcolor 2003/10/24 ver 0.1
\XC@nummixins=\count296
\XC@countmixins=\count297
) (/home/luis/.TinyTeX/texmf-dist/tex/latex/base/atbegshi-ltx.sty
Package: atbegshi-ltx 2021/01/10 v1.0c Emulation of the original atbegshi
package with kernel methods
) (/home/luis/.TinyTeX/texmf-dist/tex/latex/hyperref/hyperref.sty
Package: hyperref 2022-09-22 v7.00t Hypertext links for LaTeX
(/home/luis/.TinyTeX/texmf-dist/tex/generic/ltxcmds/ltxcmds.sty
Package: ltxcmds 2020-05-10 v1.25 LaTeX kernel commands for general use (HO)
) (/home/luis/.TinyTeX/texmf-dist/tex/generic/pdftexcmds/pdftexcmds.sty
Package: pdftexcmds 2020-06-27 v0.33 Utility functions of pdfTeX for LuaTeX (HO)
(/home/luis/.TinyTeX/texmf-dist/tex/generic/infwarerr/infwarerr.sty
Package: infwarerr 2019/12/03 v1.5 Providing info/warning/error messages (HO)
)
Package pdftexcmds Info: \pdf@primitive is available.
Package pdftexcmds Info: \pdf@ifprimitive is available.
Package pdftexcmds Info: \pdfdraftmode found.
) (/home/luis/.TinyTeX/texmf-dist/tex/latex/kvsetkeys/kvsetkeys.sty
Package: kvsetkeys 2022-10-05 v1.19 Key value parser (HO)
) (/home/luis/.TinyTeX/texmf-dist/tex/generic/kvdefinekeys/kvdefinekeys.sty
Package: kvdefinekeys 2019-12-19 v1.6 Define keys (HO)
) (/home/luis/.TinyTeX/texmf-dist/tex/generic/pdfescape/pdfescape.sty
Package: pdfescape 2019/12/09 v1.15 Implements pdfTeX's escape features (HO)
) (/home/luis/.TinyTeX/texmf-dist/tex/latex/hycolor/hycolor.sty
Package: hycolor 2020-01-27 v1.10 Color options for hyperref/bookmark (HO)
) (/home/luis/.TinyTeX/texmf-dist/tex/latex/letltxmacro/letltxmacro.sty
Package: letltxmacro 2019/12/03 v1.6 Let assignment for LaTeX macros (HO)
) (/home/luis/.TinyTeX/texmf-dist/tex/latex/auxhook/auxhook.sty
Package: auxhook 2019-12-17 v1.6 Hooks for auxiliary files (HO)
) (/home/luis/.TinyTeX/texmf-dist/tex/latex/hyperref/nameref.sty
Package: nameref 2022-05-17 v2.50 Cross-referencing by name of section
(/home/luis/.TinyTeX/texmf-dist/tex/latex/refcount/refcount.sty
Package: refcount 2019/12/15 v3.6 Data extraction from label references (HO)
) (/home/luis/.TinyTeX/texmf-dist/tex/generic/gettitlestring/gettitlestring.sty
Package: gettitlestring 2019/12/15 v1.6 Cleanup title references (HO)
(/home/luis/.TinyTeX/texmf-dist/tex/latex/kvoptions/kvoptions.sty
Package: kvoptions 2022-06-15 v3.15 Key value format for package options (HO)
))
\c@section@level=\count298
)
\@linkdim=\dimen267
\Hy@linkcounter=\count299
\Hy@pagecounter=\count300
(/home/luis/.TinyTeX/texmf-dist/tex/latex/hyperref/pd1enc.def
File: pd1enc.def 2022-09-22 v7.00t Hyperref: PDFDocEncoding definition (HO)
Now handling font encoding PD1 ...
... no UTF-8 mapping file for font encoding PD1
) (/home/luis/.TinyTeX/texmf-dist/tex/generic/intcalc/intcalc.sty
Package: intcalc 2019/12/15 v1.3 Expandable calculations with integers (HO)
) (/home/luis/.TinyTeX/texmf-dist/tex/generic/etexcmds/etexcmds.sty
Package: etexcmds 2019/12/15 v1.7 Avoid name clashes with e-TeX commands (HO)
)
\Hy@SavedSpaceFactor=\count301
(/home/luis/.TinyTeX/texmf-dist/tex/latex/hyperref/puenc.def
File: puenc.def 2022-09-22 v7.00t Hyperref: PDF Unicode definition (HO)
Now handling font encoding PU ...
... no UTF-8 mapping file for font encoding PU
)
Package hyperref Info: Option `unicode' set `true' on input line 4045.
Package hyperref Info: Option `bookmarks' set `true' on input line 4045.
Package hyperref Info: Option `bookmarksopen' set `true' on input line 4045.
Package hyperref Info: Option `implicit' set `false' on input line 4045.
Package hyperref Info: Hyper figures OFF on input line 4162.
Package hyperref Info: Link nesting OFF on input line 4167.
Package hyperref Info: Hyper index ON on input line 4170.
Package hyperref Info: Plain pages OFF on input line 4177.
Package hyperref Info: Backreferencing OFF on input line 4182.
Package hyperref Info: Implicit mode OFF; no redefinition of LaTeX internals.
Package hyperref Info: Bookmarks ON on input line 4410.
\c@Hy@tempcnt=\count302
(/home/luis/.TinyTeX/texmf-dist/tex/latex/url/url.sty
\Urlmuskip=\muskip16
Package: url 2013/09/16  ver 3.4  Verb mode for urls, etc.
)
LaTeX Info: Redefining \url on input line 4748.
\XeTeXLinkMargin=\dimen268
(/home/luis/.TinyTeX/texmf-dist/tex/generic/bitset/bitset.sty
Package: bitset 2019/12/09 v1.3 Handle bit-vector datatype (HO)
(/home/luis/.TinyTeX/texmf-dist/tex/generic/bigintcalc/bigintcalc.sty
Package: bigintcalc 2019/12/15 v1.5 Expandable calculations on big integers (HO)
))
\Fld@menulength=\count303
\Field@Width=\dimen269
\Fld@charsize=\dimen270
Package hyperref Info: Hyper figures OFF on input line 6027.
Package hyperref Info: Link nesting OFF on input line 6032.
Package hyperref Info: Hyper index ON on input line 6035.
Package hyperref Info: backreferencing OFF on input line 6042.
Package hyperref Info: Link coloring OFF on input line 6047.
Package hyperref Info: Link coloring with OCG OFF on input line 6052.
Package hyperref Info: PDF/A mode OFF on input line 6057.
\Hy@abspage=\count304

Package hyperref Message: Stopped early.

)
Package hyperref Info: Driver (autodetected): hpdftex.
(/home/luis/.TinyTeX/texmf-dist/tex/latex/hyperref/hpdftex.def
File: hpdftex.def 2022-09-22 v7.00t Hyperref driver for pdfTeX
(/home/luis/.TinyTeX/texmf-dist/tex/latex/base/atveryend-ltx.sty
Package: atveryend-ltx 2020/08/19 v1.0a Emulation of the original atveryend package
with kernel methods
)
\Fld@listcount=\count305
\c@bookmark@seq@number=\count306
(/home/luis/.TinyTeX/texmf-dist/tex/latex/rerunfilecheck/rerunfilecheck.sty
Package: rerunfilecheck 2022-07-10 v1.10 Rerun checks for auxiliary files (HO)
(/home/luis/.TinyTeX/texmf-dist/tex/generic/uniquecounter/uniquecounter.sty
Package: uniquecounter 2019/12/15 v1.4 Provide unlimited unique counter (HO)
)
Package uniquecounter Info: New unique counter `rerunfilecheck' on input line 285.
)) (/home/luis/.TinyTeX/texmf-dist/tex/latex/beamer/beamerbaserequires.sty (/home/luis/.TinyTeX/texmf-dist/tex/latex/beamer/beamerbasecompatibility.sty) (/home/luis/.TinyTeX/texmf-dist/tex/latex/beamer/beamerbasefont.sty (/home/luis/.TinyTeX/texmf-dist/tex/latex/amsfonts/amssymb.sty
Package: amssymb 2013/01/14 v3.01 AMS font symbols
(/home/luis/.TinyTeX/texmf-dist/tex/latex/amsfonts/amsfonts.sty
Package: amsfonts 2013/01/14 v3.01 Basic AMSFonts support
\@emptytoks=\toks28
\symAMSa=\mathgroup4
\symAMSb=\mathgroup5
LaTeX Font Info:    Redeclaring math symbol \hbar on input line 98.
LaTeX Font Info:    Overwriting math alphabet `\mathfrak' in version `bold'
(Font)                  U/euf/m/n --> U/euf/b/n on input line 106.
))) (/home/luis/.TinyTeX/texmf-dist/tex/latex/beamer/beamerbasetranslator.sty (/home/luis/.TinyTeX/texmf-dist/tex/latex/translator/translator.sty
Package: translator 2021-05-31 v1.12d Easy translation of strings in LaTeX
)) (/home/luis/.TinyTeX/texmf-dist/tex/latex/beamer/beamerbasemisc.sty) (/home/luis/.TinyTeX/texmf-dist/tex/latex/beamer/beamerbasetwoscreens.sty) (/home/luis/.TinyTeX/texmf-dist/tex/latex/beamer/beamerbaseoverlay.sty
\beamer@argscount=\count307
\beamer@lastskipcover=\skip50
\beamer@trivlistdepth=\count308
) (/home/luis/.TinyTeX/texmf-dist/tex/latex/beamer/beamerbasetitle.sty) (/home/luis/.TinyTeX/texmf-dist/tex/latex/beamer/beamerbasesection.sty
\c@lecture=\count309
\c@part=\count310
\c@section=\count311
\c@subsection=\count312
\c@subsubsection=\count313
) (/home/luis/.TinyTeX/texmf-dist/tex/latex/beamer/beamerbaseframe.sty
\beamer@framebox=\box66
\beamer@frametitlebox=\box67
\beamer@zoombox=\box68
\beamer@zoomcount=\count314
\beamer@zoomframecount=\count315
\beamer@frametextheight=\dimen271
\c@subsectionslide=\count316
\beamer@frametopskip=\skip51
\beamer@framebottomskip=\skip52
\beamer@frametopskipautobreak=\skip53
\beamer@framebottomskipautobreak=\skip54
\beamer@envbody=\toks29
\framewidth=\dimen272
\c@framenumber=\count317
) (/home/luis/.TinyTeX/texmf-dist/tex/latex/beamer/beamerbaseverbatim.sty
\beamer@verbatimfileout=\write4
) (/home/luis/.TinyTeX/texmf-dist/tex/latex/beamer/beamerbaseframesize.sty
\beamer@splitbox=\box69
\beamer@autobreakcount=\count318
\beamer@autobreaklastheight=\dimen273
\beamer@frametitletoks=\toks30
\beamer@framesubtitletoks=\toks31
) (/home/luis/.TinyTeX/texmf-dist/tex/latex/beamer/beamerbaseframecomponents.sty
\beamer@footins=\box70
) (/home/luis/.TinyTeX/texmf-dist/tex/latex/beamer/beamerbasecolor.sty) (/home/luis/.TinyTeX/texmf-dist/tex/latex/beamer/beamerbasenotes.sty
\beamer@frameboxcopy=\box71
) (/home/luis/.TinyTeX/texmf-dist/tex/latex/beamer/beamerbasetoc.sty) (/home/luis/.TinyTeX/texmf-dist/tex/latex/beamer/beamerbasetemplates.sty
\beamer@sbttoks=\toks32
(/home/luis/.TinyTeX/texmf-dist/tex/latex/beamer/beamerbaseauxtemplates.sty (/home/luis/.TinyTeX/texmf-dist/tex/latex/beamer/beamerbaseboxes.sty
\bmb@box=\box72
\bmb@colorbox=\box73
\bmb@boxwidth=\dimen274
\bmb@boxheight=\dimen275
\bmb@prevheight=\dimen276
\bmb@temp=\dimen277
\bmb@dima=\dimen278
\bmb@dimb=\dimen279
\bmb@prevheight=\dimen280
)
\beamer@blockheadheight=\dimen281
)) (/home/luis/.TinyTeX/texmf-dist/tex/latex/beamer/beamerbaselocalstructure.sty (/home/luis/.TinyTeX/texmf-dist/tex/latex/tools/enumerate.sty
Package: enumerate 2015/07/23 v3.00 enumerate extensions (DPC)
\@enLab=\toks33
)
\beamer@bibiconwidth=\skip55
\c@figure=\count319
\c@table=\count320
\abovecaptionskip=\skip56
\belowcaptionskip=\skip57
) (/home/luis/.TinyTeX/texmf-dist/tex/latex/beamer/beamerbasenavigation.sty
\beamer@section@min@dim=\dimen282
) (/home/luis/.TinyTeX/texmf-dist/tex/latex/beamer/beamerbasetheorems.sty (/home/luis/.TinyTeX/texmf-dist/tex/latex/amsmath/amsmath.sty
Package: amsmath 2022/04/08 v2.17n AMS math features
\@mathmargin=\skip58
For additional information on amsmath, use the `?' option.
(/home/luis/.TinyTeX/texmf-dist/tex/latex/amsmath/amstext.sty
Package: amstext 2021/08/26 v2.01 AMS text
(/home/luis/.TinyTeX/texmf-dist/tex/latex/amsmath/amsgen.sty
File: amsgen.sty 1999/11/30 v2.0 generic functions
\@emptytoks=\toks34
\ex@=\dimen283
)) (/home/luis/.TinyTeX/texmf-dist/tex/latex/amsmath/amsbsy.sty
Package: amsbsy 1999/11/29 v1.2d Bold Symbols
\pmbraise@=\dimen284
) (/home/luis/.TinyTeX/texmf-dist/tex/latex/amsmath/amsopn.sty
Package: amsopn 2022/04/08 v2.04 operator names
)
\inf@bad=\count321
LaTeX Info: Redefining \frac on input line 234.
\uproot@=\count322
\leftroot@=\count323
LaTeX Info: Redefining \overline on input line 399.
LaTeX Info: Redefining \colon on input line 410.
\classnum@=\count324
\DOTSCASE@=\count325
LaTeX Info: Redefining \ldots on input line 496.
LaTeX Info: Redefining \dots on input line 499.
LaTeX Info: Redefining \cdots on input line 620.
\Mathstrutbox@=\box74
\strutbox@=\box75
LaTeX Info: Redefining \big on input line 722.
LaTeX Info: Redefining \Big on input line 723.
LaTeX Info: Redefining \bigg on input line 724.
LaTeX Info: Redefining \Bigg on input line 725.
\big@size=\dimen285
LaTeX Font Info:    Redeclaring font encoding OML on input line 743.
LaTeX Font Info:    Redeclaring font encoding OMS on input line 744.
\macc@depth=\count326
LaTeX Info: Redefining \bmod on input line 905.
LaTeX Info: Redefining \pmod on input line 910.
LaTeX Info: Redefining \smash on input line 940.
LaTeX Info: Redefining \relbar on input line 970.
LaTeX Info: Redefining \Relbar on input line 971.
\c@MaxMatrixCols=\count327
\dotsspace@=\muskip17
\c@parentequation=\count328
\dspbrk@lvl=\count329
\tag@help=\toks35
\row@=\count330
\column@=\count331
\maxfields@=\count332
\andhelp@=\toks36
\eqnshift@=\dimen286
\alignsep@=\dimen287
\tagshift@=\dimen288
\tagwidth@=\dimen289
\totwidth@=\dimen290
\lineht@=\dimen291
\@envbody=\toks37
\multlinegap=\skip59
\multlinetaggap=\skip60
\mathdisplay@stack=\toks38
LaTeX Info: Redefining \[ on input line 2953.
LaTeX Info: Redefining \] on input line 2954.
) (/home/luis/.TinyTeX/texmf-dist/tex/latex/amscls/amsthm.sty
Package: amsthm 2020/05/29 v2.20.6
\thm@style=\toks39
\thm@bodyfont=\toks40
\thm@headfont=\toks41
\thm@notefont=\toks42
\thm@headpunct=\toks43
\thm@preskip=\skip61
\thm@postskip=\skip62
\thm@headsep=\skip63
\dth@everypar=\toks44
)
\c@theorem=\count333
) (/home/luis/.TinyTeX/texmf-dist/tex/latex/beamer/beamerbasethemes.sty)) (/home/luis/.TinyTeX/texmf-dist/tex/latex/beamer/beamerthemedefault.sty (/home/luis/.TinyTeX/texmf-dist/tex/latex/beamer/beamerfontthemedefault.sty) (/home/luis/.TinyTeX/texmf-dist/tex/latex/beamer/beamercolorthemedefault.sty) (/home/luis/.TinyTeX/texmf-dist/tex/latex/beamer/beamerinnerthemedefault.sty
\beamer@dima=\dimen292
\beamer@dimb=\dimen293
) (/home/luis/.TinyTeX/texmf-dist/tex/latex/beamer/beamerouterthemedefault.sty))) (/home/luis/.TinyTeX/texmf-dist/tex/latex/pgf/utilities/pgfpages.sty
Package: pgfpages 2011/01/05 ver 0.02
(/home/luis/.TinyTeX/texmf-dist/tex/latex/tools/calc.sty
Package: calc 2017/05/25 v4.3 Infix arithmetic (KKT,FJ)
\calc@Acount=\count334
\calc@Bcount=\count335
\calc@Adimen=\dimen294
\calc@Bdimen=\dimen295
\calc@Askip=\skip64
\calc@Bskip=\skip65
LaTeX Info: Redefining \setlength on input line 80.
LaTeX Info: Redefining \addtolength on input line 81.
\calc@Ccount=\count336
\calc@Cskip=\skip66
)
\pgf@logicalpages=\count337
\pgf@firstshipout=\count338
\pgf@lastshipout=\count339
\pgf@currentshipout=\count340
\pgf@cpn=\count341
\pgf@shipoutnextto=\count342
\pgfphysicalheight=\dimen296
\pgfphysicalwidth=\dimen297
\pgfpages@shipoutbox=\box76
) (/home/luis/.TinyTeX/texmf-dist/tex/latex/lm/lmodern.sty
Package: lmodern 2015/05/01 v1.6.1 Latin Modern Fonts
LaTeX Font Info:    Overwriting symbol font `operators' in version `normal'
(Font)                  OT1/cmr/m/n --> OT1/lmr/m/n on input line 22.
LaTeX Font Info:    Overwriting symbol font `letters' in version `normal'
(Font)                  OML/cmm/m/it --> OML/lmm/m/it on input line 23.
LaTeX Font Info:    Overwriting symbol font `symbols' in version `normal'
(Font)                  OMS/cmsy/m/n --> OMS/lmsy/m/n on input line 24.
LaTeX Font Info:    Overwriting symbol font `largesymbols' in version `normal'
(Font)                  OMX/cmex/m/n --> OMX/lmex/m/n on input line 25.
LaTeX Font Info:    Overwriting symbol font `operators' in version `bold'
(Font)                  OT1/cmr/bx/n --> OT1/lmr/bx/n on input line 26.
LaTeX Font Info:    Overwriting symbol font `letters' in version `bold'
(Font)                  OML/cmm/b/it --> OML/lmm/b/it on input line 27.
LaTeX Font Info:    Overwriting symbol font `symbols' in version `bold'
(Font)                  OMS/cmsy/b/n --> OMS/lmsy/b/n on input line 28.
LaTeX Font Info:    Overwriting symbol font `largesymbols' in version `bold'
(Font)                  OMX/cmex/m/n --> OMX/lmex/m/n on input line 29.
LaTeX Font Info:    Overwriting math alphabet `\mathbf' in version `normal'
(Font)                  OT1/cmr/bx/n --> OT1/lmr/bx/n on input line 31.
LaTeX Font Info:    Overwriting math alphabet `\mathsf' in version `normal'
(Font)                  OT1/cmss/m/n --> OT1/lmss/m/n on input line 32.
LaTeX Font Info:    Overwriting math alphabet `\mathit' in version `normal'
(Font)                  OT1/cmr/m/it --> OT1/lmr/m/it on input line 33.
LaTeX Font Info:    Overwriting math alphabet `\mathtt' in version `normal'
(Font)                  OT1/cmtt/m/n --> OT1/lmtt/m/n on input line 34.
LaTeX Font Info:    Overwriting math alphabet `\mathbf' in version `bold'
(Font)                  OT1/cmr/bx/n --> OT1/lmr/bx/n on input line 35.
LaTeX Font Info:    Overwriting math alphabet `\mathsf' in version `bold'
(Font)                  OT1/cmss/bx/n --> OT1/lmss/bx/n on input line 36.
LaTeX Font Info:    Overwriting math alphabet `\mathit' in version `bold'
(Font)                  OT1/cmr/bx/it --> OT1/lmr/bx/it on input line 37.
LaTeX Font Info:    Overwriting math alphabet `\mathtt' in version `bold'
(Font)                  OT1/cmtt/m/n --> OT1/lmtt/m/n on input line 38.
) (/home/luis/.TinyTeX/texmf-dist/tex/generic/iftex/ifxetex.sty
Package: ifxetex 2019/10/25 v0.7 ifxetex legacy package. Use iftex instead.
) (/home/luis/.TinyTeX/texmf-dist/tex/generic/iftex/ifluatex.sty
Package: ifluatex 2019/10/25 v1.5 ifluatex legacy package. Use iftex instead.
) (/home/luis/.TinyTeX/texmf-dist/tex/latex/base/fixltx2e.sty
Package: fixltx2e 2016/12/29 v2.1a fixes to LaTeX (obsolete)
Applying: [2015/01/01] Old fixltx2e package on input line 46.

Package fixltx2e Warning: fixltx2e is not required with releases after 2015
(fixltx2e)                All fixes are now in the LaTeX kernel.
(fixltx2e)                See the latexrelease package for details.

Already applied: [0000/00/00] Old fixltx2e package on input line 53.
) (/home/luis/.TinyTeX/texmf-dist/tex/latex/base/fontenc.sty
Package: fontenc 2021/04/29 v2.0v Standard LaTeX package
LaTeX Font Info:    Trying to load font information for T1+lmss on input line 112.
(/home/luis/.TinyTeX/texmf-dist/tex/latex/lm/t1lmss.fd
File: t1lmss.fd 2015/05/01 v1.6.1 Font defs for Latin Modern
)) (/home/luis/.TinyTeX/texmf-dist/tex/latex/base/inputenc.sty
Package: inputenc 2021/02/14 v1.3d Input encoding file
\inpenc@prehook=\toks45
\inpenc@posthook=\toks46
) (/home/luis/.TinyTeX/texmf-dist/tex/latex/base/textcomp.sty
Package: textcomp 2020/02/02 v2.0n Standard LaTeX package
) (/home/luis/.TinyTeX/texmf-dist/tex/latex/beamertheme-metropolis/beamerthememetropolis.sty
Package: beamerthememetropolis 2017/01/23 v1.2 Metropolis Beamer theme
(/home/luis/.TinyTeX/texmf-dist/tex/latex/pgfopts/pgfopts.sty
Package: pgfopts 2014/07/10 v2.1a LaTeX package options with pgfkeys
\pgfopts@list@add@a@toks=\toks47
\pgfopts@list@add@b@toks=\toks48
) (/home/luis/.TinyTeX/texmf-dist/tex/latex/beamertheme-metropolis/beamerinnerthememetropolis.sty
Package: beamerinnerthememetropolis 2017/01/23 Metropolis inner theme
(/home/luis/.TinyTeX/texmf-dist/tex/latex/pgf/frontendlayer/tikz.sty (/home/luis/.TinyTeX/texmf-dist/tex/latex/pgf/basiclayer/pgf.sty
Package: pgf 2021/05/15 v3.1.9a (3.1.9a)
(/home/luis/.TinyTeX/texmf-dist/tex/generic/pgf/modules/pgfmoduleshapes.code.tex
File: pgfmoduleshapes.code.tex 2021/05/15 v3.1.9a (3.1.9a)
\pgfnodeparttextbox=\box77
) (/home/luis/.TinyTeX/texmf-dist/tex/generic/pgf/modules/pgfmoduleplot.code.tex
File: pgfmoduleplot.code.tex 2021/05/15 v3.1.9a (3.1.9a)
) (/home/luis/.TinyTeX/texmf-dist/tex/latex/pgf/compatibility/pgfcomp-version-0-65.sty
Package: pgfcomp-version-0-65 2021/05/15 v3.1.9a (3.1.9a)
\pgf@nodesepstart=\dimen298
\pgf@nodesepend=\dimen299
) (/home/luis/.TinyTeX/texmf-dist/tex/latex/pgf/compatibility/pgfcomp-version-1-18.sty
Package: pgfcomp-version-1-18 2021/05/15 v3.1.9a (3.1.9a)
)) (/home/luis/.TinyTeX/texmf-dist/tex/latex/pgf/utilities/pgffor.sty (/home/luis/.TinyTeX/texmf-dist/tex/generic/pgf/utilities/pgffor.code.tex
Package: pgffor 2021/05/15 v3.1.9a (3.1.9a)
(/home/luis/.TinyTeX/texmf-dist/tex/generic/pgf/math/pgfmath.code.tex)
\pgffor@iter=\dimen300
\pgffor@skip=\dimen301
\pgffor@stack=\toks49
\pgffor@toks=\toks50
)) (/home/luis/.TinyTeX/texmf-dist/tex/generic/pgf/frontendlayer/tikz/tikz.code.tex
Package: tikz 2021/05/15 v3.1.9a (3.1.9a)
(/home/luis/.TinyTeX/texmf-dist/tex/generic/pgf/libraries/pgflibraryplothandlers.code.tex
File: pgflibraryplothandlers.code.tex 2021/05/15 v3.1.9a (3.1.9a)
\pgf@plot@mark@count=\count343
\pgfplotmarksize=\dimen302
)
\tikz@lastx=\dimen303
\tikz@lasty=\dimen304
\tikz@lastxsaved=\dimen305
\tikz@lastysaved=\dimen306
\tikz@lastmovetox=\dimen307
\tikz@lastmovetoy=\dimen308
\tikzleveldistance=\dimen309
\tikzsiblingdistance=\dimen310
\tikz@figbox=\box78
\tikz@figbox@bg=\box79
\tikz@tempbox=\box80
\tikz@tempbox@bg=\box81
\tikztreelevel=\count344
\tikznumberofchildren=\count345
\tikznumberofcurrentchild=\count346
\tikz@fig@count=\count347
(/home/luis/.TinyTeX/texmf-dist/tex/generic/pgf/modules/pgfmodulematrix.code.tex
File: pgfmodulematrix.code.tex 2021/05/15 v3.1.9a (3.1.9a)
\pgfmatrixcurrentrow=\count348
\pgfmatrixcurrentcolumn=\count349
\pgf@matrix@numberofcolumns=\count350
)
\tikz@expandcount=\count351
(/home/luis/.TinyTeX/texmf-dist/tex/generic/pgf/frontendlayer/tikz/libraries/tikzlibrarytopaths.code.tex
File: tikzlibrarytopaths.code.tex 2021/05/15 v3.1.9a (3.1.9a)
)))
\metropolis@titleseparator@linewidth=\skip67
\metropolis@progressonsectionpage=\skip68
\metropolis@progressonsectionpage@linewidth=\skip69
\metropolis@blocksep=\skip70
\metropolis@blockadjust=\skip71
\metropolis@parskip=\skip72
) (/home/luis/.TinyTeX/texmf-dist/tex/latex/beamertheme-metropolis/beamerouterthememetropolis.sty
Package: beamerouterthememetropolis 2017/01/23 Metropolis outer theme
\metropolis@frametitle@padding=\skip73
\metropolis@progressinheadfoot=\skip74
\metropolis@progressinheadfoot@linewidth=\skip75
) (/home/luis/.TinyTeX/texmf-dist/tex/latex/beamertheme-metropolis/beamercolorthememetropolis.sty
Package: beamercolorthememetropolis 2017/01/23 Metropolis color theme
) (/home/luis/.TinyTeX/texmf-dist/tex/latex/beamertheme-metropolis/beamerfontthememetropolis.sty
Package: beamerfontthememetropolis 2017/01/23 Metropolis font theme

Package beamerthememetropolis Warning: You need to compile with XeLaTeX or LuaLaTeX to use the Fira fonts on input line 95.

)) (/home/luis/.TinyTeX/texmf-dist/tex/latex/upquote/upquote.sty
Package: upquote 2012/04/19 v1.3 upright-quote and grave-accent glyphs in verbatim
) (/home/luis/.TinyTeX/texmf-dist/tex/latex/microtype/microtype.sty
Package: microtype 2022/06/23 v3.0f Micro-typographical refinements (RS)
\MT@toks=\toks51
\MT@tempbox=\box82
\MT@count=\count352
LaTeX Info: Redefining \noprotrusionifhmode on input line 1045.
LaTeX Info: Redefining \leftprotrusion on input line 1046.
LaTeX Info: Redefining \rightprotrusion on input line 1056.
LaTeX Info: Redefining \textls on input line 1234.
\MT@outer@kern=\dimen311
LaTeX Info: Redefining \textmicrotypecontext on input line 1858.
\MT@listname@count=\count353
(/home/luis/.TinyTeX/texmf-dist/tex/latex/microtype/microtype-pdftex.def
File: microtype-pdftex.def 2022/06/23 v3.0f Definitions specific to pdftex (RS)
LaTeX Info: Redefining \lsstyle on input line 900.
LaTeX Info: Redefining \lslig on input line 900.
\MT@outer@space=\skip76
)
Package microtype Info: Loading configuration file microtype.cfg.
(/home/luis/.TinyTeX/texmf-dist/tex/latex/microtype/microtype.cfg
File: microtype.cfg 2022/06/23 v3.0f microtype main configuration file (RS)
))
Package hyperref Info: Option `breaklinks' set `true' on input line 74.
(/home/luis/.TinyTeX/texmf-dist/tex/latex/fancyvrb/fancyvrb.sty
Package: fancyvrb 2022/06/06 4.5 verbatim text (tvz,hv)
\FV@CodeLineNo=\count354
\FV@InFile=\read3
\FV@TabBox=\box83
\c@FancyVerbLine=\count355
\FV@StepNumber=\count356
\FV@OutFile=\write5
) (/home/luis/.TinyTeX/texmf-dist/tex/latex/framed/framed.sty
Package: framed 2011/10/22 v 0.96: framed or shaded text with page breaks
\OuterFrameSep=\skip77
\fb@frw=\dimen312
\fb@frh=\dimen313
\FrameRule=\dimen314
\FrameSep=\dimen315
) (/home/luis/.TinyTeX/texmf-dist/tex/latex/tools/longtable.sty
Package: longtable 2021-09-01 v4.17 Multi-page Table package (DPC)
\LTleft=\skip78
\LTright=\skip79
\LTpre=\skip80
\LTpost=\skip81
\LTchunksize=\count357
\LTcapwidth=\dimen316
\LT@head=\box84
\LT@firsthead=\box85
\LT@foot=\box86
\LT@lastfoot=\box87
\LT@gbox=\box88
\LT@cols=\count358
\LT@rows=\count359
\c@LT@tables=\count360
\c@LT@chunks=\count361
\LT@p@ftn=\toks52
) (/home/luis/.TinyTeX/texmf-dist/tex/latex/booktabs/booktabs.sty
Package: booktabs 2020/01/12 v1.61803398 Publication quality tables
\heavyrulewidth=\dimen317
\lightrulewidth=\dimen318
\cmidrulewidth=\dimen319
\belowrulesep=\dimen320
\belowbottomsep=\dimen321
\aboverulesep=\dimen322
\abovetopsep=\dimen323
\cmidrulesep=\dimen324
\cmidrulekern=\dimen325
\defaultaddspace=\dimen326
\@cmidla=\count362
\@cmidlb=\count363
\@aboverulesep=\dimen327
\@belowrulesep=\dimen328
\@thisruleclass=\count364
\@lastruleclass=\count365
\@thisrulewidth=\dimen329
) (/home/luis/.TinyTeX/texmf-dist/tex/latex/caption/caption.sty
Package: caption 2022/03/01 v3.6b Customizing captions (AR)
(/home/luis/.TinyTeX/texmf-dist/tex/latex/caption/caption3.sty
Package: caption3 2022/03/17 v2.3b caption3 kernel (AR)
\caption@tempdima=\dimen330
\captionmargin=\dimen331
\caption@leftmargin=\dimen332
\caption@rightmargin=\dimen333
\caption@width=\dimen334
\caption@indent=\dimen335
\caption@parindent=\dimen336
\caption@hangindent=\dimen337
Package caption Info: beamer document class detected.
(/home/luis/.TinyTeX/texmf-dist/tex/latex/caption/caption-beamer.sto
File: caption-beamer.sto 2022/01/06 v2.0c Adaption of the caption package to the beamer document classes (AR)
))
\c@caption@flags=\count366
\c@continuedfloat=\count367
Package caption Info: hyperref package is loaded.
Package caption Info: Hyperref support is turned off
(caption)             because hyperref has stopped early.
Package caption Info: longtable package is loaded.
(/home/luis/.TinyTeX/texmf-dist/tex/latex/caption/ltcaption.sty
Package: ltcaption 2021/01/08 v1.4c longtable captions (AR)
)) (/home/luis/.TinyTeX/texmf-dist/tex/latex/grffile/grffile.sty
Package: grffile 2019/11/11 v2.1 Extended file name support for graphics (legacy)
Package grffile Info: This package is an empty stub for compatibility on input line 40.
) (/home/luis/.TinyTeX/texmf-dist/tex/generic/navigator/navigator.sty
Package: navigator 2016/22/05 v.1.1 PDF links, outlines, etc.
(/home/luis/.TinyTeX/texmf-dist/tex/generic/navigator/navigator.tex (/home/luis/.TinyTeX/texmf-dist/tex/generic/yax/yax.tex (/home/luis/.TinyTeX/texmf-dist/tex/generic/texapi/texapi.tex
\pi@temp_tokenA=\toks53
\pi@temp_tokenB=\toks54
\pi@dofor_count=\count368
))
\nav@outline_count=\count369
))<<2022-presentation.Rmd>> (/home/luis/.TinyTeX/texmf-dist/tex/latex/appendixnumberbeamer/appendixnumberbeamer.sty) (/home/luis/.TinyTeX/texmf-dist/tex/latex/roboto/roboto.sty
Package: roboto 2022/09/10 (Bob Tennent) Supports Roboto fonts for all LaTeX engines.
(/home/luis/.TinyTeX/texmf-dist/tex/latex/xkeyval/xkeyval.sty
Package: xkeyval 2022/06/16 v2.9 package option processing (HA)
(/home/luis/.TinyTeX/texmf-dist/tex/generic/xkeyval/xkeyval.tex (/home/luis/.TinyTeX/texmf-dist/tex/generic/xkeyval/xkvutils.tex
\XKV@toks=\toks55
\XKV@tempa@toks=\toks56
)
\XKV@depth=\count370
File: xkeyval.tex 2014/12/03 v2.7a key=value parser (HA)
)) (/home/luis/.TinyTeX/texmf-dist/tex/latex/base/fontenc.sty
Package: fontenc 2021/04/29 v2.0v Standard LaTeX package
) (/home/luis/.TinyTeX/texmf-local/tex/latex/MinionPro/fontaxes.sty
Package: fontaxes 2007/03/31 v0.2b Font selection axes
LaTeX Info: Redefining \upshape on input line 26.
LaTeX Info: Redefining \itshape on input line 28.
LaTeX Info: Redefining \slshape on input line 30.
LaTeX Info: Redefining \swshape on input line 32.
LaTeX Info: Redefining \scshape on input line 34.
LaTeX Info: Redefining \sscshape on input line 36.
LaTeX Info: Redefining \ulcshape on input line 38.
LaTeX Info: Redefining \textsw on input line 43.
LaTeX Info: Redefining \textssc on input line 44.
LaTeX Info: Redefining \textulc on input line 45.
))
\mybox=\box89
(/home/luis/.TinyTeX/texmf-dist/tex/generic/babel/babel.sty
Package: babel 2022/10/23 3.82 The Babel package
\babel@savecnt=\count371
\U@D=\dimen338
\l@unhyphenated=\language4
(/home/luis/.TinyTeX/texmf-dist/tex/generic/babel/txtbabel.def)
\bbl@readstream=\read4
LaTeX Info: Redefining \textlatin on input line 4138.
\bbl@dirlevel=\count372
Package babel Info: Main language set with 'main='. Except if you have
(babel)             problems, prefer the default mechanism for setting
(babel)             the main language. Reported on input line 4382.
(/home/luis/.TinyTeX/texmf-dist/tex/generic/babel-english/australian.ldf
Language: australian 2017/06/06 v3.3r English support from the babel system
(/home/luis/.TinyTeX/texmf-dist/tex/generic/babel-english/english.ldf
Language: english 2017/06/06 v3.3r English support from the babel system
Package babel Info: Hyphen rules for 'british' set to \l@english
(babel)             (\language0). Reported on input line 82.
Package babel Info: Hyphen rules for 'UKenglish' set to \l@english
(babel)             (\language0). Reported on input line 83.
Package babel Info: Hyphen rules for 'canadian' set to \l@english
(babel)             (\language0). Reported on input line 102.
Package babel Info: Hyphen rules for 'australian' set to \l@english
(babel)             (\language0). Reported on input line 105.
Package babel Info: Hyphen rules for 'newzealand' set to \l@english
(babel)             (\language0). Reported on input line 108.
))) (/home/luis/.TinyTeX/texmf-dist/tex/generic/babel/locale/en/babel-australian.tex
Package babel Info: Importing font and identification data for australian
(babel)             from babel-en-AU.ini. Reported on input line 11.
)

Package hyperref Warning: Token not allowed in a PDF string (Unicode):
(hyperref)                removing `\footnote' on input line 216.


Package hyperref Warning: Token not allowed in a PDF string (Unicode):
(hyperref)                removing `\begingroup' on input line 216.


Package hyperref Warning: Token not allowed in a PDF string (Unicode):
(hyperref)                removing `\catcode' on input line 216.


Package hyperref Warning: Token not allowed in a PDF string (Unicode):
(hyperref)                removing `\active' on input line 216.


Package hyperref Warning: Token not allowed in a PDF string (Unicode):
(hyperref)                removing `\<def>-command' on input line 216.


Package hyperref Warning: Token not allowed in a PDF string (Unicode):
(hyperref)                removing `\csname\endcsname' on input line 216.


Package hyperref Warning: Token not allowed in a PDF string (Unicode):
(hyperref)                removing `\catcode' on input line 216.


Package hyperref Warning: Token not allowed in a PDF string (Unicode):
(hyperref)                removing `\active' on input line 216.


Package hyperref Warning: Token not allowed in a PDF string (Unicode):
(hyperref)                removing `\<let>-command' on input line 216.


Package hyperref Warning: Token not allowed in a PDF string (Unicode):
(hyperref)                removing `\csname\endcsname' on input line 216.


Package hyperref Warning: Token not allowed in a PDF string (Unicode):
(hyperref)                removing `\<let>-command' on input line 216.


Package hyperref Warning: Token not allowed in a PDF string (Unicode):
(hyperref)                removing `\%' on input line 216.


Package hyperref Warning: Token not allowed in a PDF string (Unicode):
(hyperref)                removing `\catcode' on input line 216.


Package hyperref Warning: Token not allowed in a PDF string (Unicode):
(hyperref)                removing `\active' on input line 216.


Package hyperref Warning: Token not allowed in a PDF string (Unicode):
(hyperref)                removing `\<def>-command' on input line 216.


Package hyperref Warning: Token not allowed in a PDF string (Unicode):
(hyperref)                removing `\csname\endcsname' on input line 216.


Package hyperref Warning: Token not allowed in a PDF string (Unicode):
(hyperref)                removing `\<def>-command' on input line 216.


Package hyperref Warning: Token not allowed in a PDF string (Unicode):
(hyperref)                removing `\#' on input line 216.


Package hyperref Warning: Token not allowed in a PDF string (Unicode):
(hyperref)                removing `\catcode' on input line 216.


Package hyperref Warning: Token not allowed in a PDF string (Unicode):
(hyperref)                removing `\<def>-command' on input line 216.


Package hyperref Warning: Token not allowed in a PDF string (Unicode):
(hyperref)                removing `\csname\endcsname' on input line 216.


Package hyperref Warning: Token not allowed in a PDF string (Unicode):
(hyperref)                removing `\<def>-command' on input line 216.


Package hyperref Warning: Token not allowed in a PDF string (Unicode):
(hyperref)                removing `\&' on input line 216.


Package hyperref Warning: Token not allowed in a PDF string (Unicode):
(hyperref)                removing `\<def>-command' on input line 216.


Package hyperref Warning: Token not allowed in a PDF string (Unicode):
(hyperref)                removing `\textunderscore' on input line 216.


Package hyperref Warning: Token not allowed in a PDF string (Unicode):
(hyperref)                removing `\<let>-command' on input line 216.


Package hyperref Warning: Token not allowed in a PDF string (Unicode):
(hyperref)                removing `\_' on input line 216.


Package hyperref Warning: Token not allowed in a PDF string (Unicode):
(hyperref)                removing `\catcode' on input line 216.


Package hyperref Warning: Token not allowed in a PDF string (Unicode):
(hyperref)                removing `\active' on input line 216.


Package hyperref Warning: Token not allowed in a PDF string (Unicode):
(hyperref)                removing `\<let>-command' on input line 216.


Package hyperref Warning: Token not allowed in a PDF string (Unicode):
(hyperref)                removing `\csname\endcsname' on input line 216.


Package hyperref Warning: Token not allowed in a PDF string (Unicode):
(hyperref)                removing `\<let>-command' on input line 216.


Package hyperref Warning: Token not allowed in a PDF string (Unicode):
(hyperref)                removing `\csname\endcsname' on input line 216.


Package hyperref Warning: Token not allowed in a PDF string (Unicode):
(hyperref)                removing `\<let>-command' on input line 216.


Package hyperref Warning: Token not allowed in a PDF string (Unicode):
(hyperref)                removing `\~' on input line 216.


Package hyperref Warning: Token not allowed in a PDF string (Unicode):
(hyperref)                removing `\<let>-command' on input line 216.


Package hyperref Warning: Token not allowed in a PDF string (Unicode):
(hyperref)                removing `\textasciitilde' on input line 216.


Package hyperref Warning: Token not allowed in a PDF string (Unicode):
(hyperref)                removing `\<let>-command' on input line 216.


Package hyperref Warning: Token not allowed in a PDF string (Unicode):
(hyperref)                removing `\\' on input line 216.


Package hyperref Warning: Token not allowed in a PDF string (Unicode):
(hyperref)                removing `\<def>-command' on input line 216.


Package hyperref Warning: Token not allowed in a PDF string (Unicode):
(hyperref)                removing `\csname\endcsname' on input line 216.


Package hyperref Warning: Token not allowed in a PDF string (Unicode):
(hyperref)                removing `\<def>-command' on input line 216.


Package hyperref Warning: Token not allowed in a PDF string (Unicode):
(hyperref)                removing `\Hy@tempa' on input line 216.


Package hyperref Warning: Token not allowed in a PDF string (Unicode):
(hyperref)                removing `\<def>-command' on input line 216.


Package hyperref Warning: Token not allowed in a PDF string (Unicode):
(hyperref)                removing `\Hy@tempa' on input line 216.


Package hyperref Warning: Token not allowed in a PDF string (Unicode):
(hyperref)                removing `\\' on input line 216.

LaTeX Font Info:    Trying to load font information for T1+Roboto-LF on input line 221.
(/home/luis/.TinyTeX/texmf-dist/tex/latex/roboto/T1Roboto-LF.fd
File: T1Roboto-LF.fd 2019/12/11 (autoinst) Font definitions for T1/Roboto-LF.
)
LaTeX Font Info:    Font shape `T1/Roboto-LF/m/n' aliased to
(Font)              `T1/Roboto-LF/regular/n' on input line 221.
LaTeX Font Info:    Font shape `T1/Roboto-LF/regular/n' will be
(Font)              scaled to size 10.95pt on input line 221.
(/home/luis/.TinyTeX/texmf-dist/tex/latex/l3backend/l3backend-pdftex.def
File: l3backend-pdftex.def 2022-10-26 L3 backend support: PDF output (pdfTeX)
\l__color_backend_stack_int=\count373
\l__pdf_internal_box=\box90
) (./2022-interaction.aux)
\openout1 = `2022-interaction.aux'.

LaTeX Font Info:    Checking defaults for OML/cmm/m/it on input line 221.
LaTeX Font Info:    ... okay on input line 221.
LaTeX Font Info:    Checking defaults for OMS/cmsy/m/n on input line 221.
LaTeX Font Info:    ... okay on input line 221.
LaTeX Font Info:    Checking defaults for OT1/cmr/m/n on input line 221.
LaTeX Font Info:    ... okay on input line 221.
LaTeX Font Info:    Checking defaults for T1/cmr/m/n on input line 221.
LaTeX Font Info:    ... okay on input line 221.
LaTeX Font Info:    Checking defaults for TS1/cmr/m/n on input line 221.
LaTeX Font Info:    ... okay on input line 221.
LaTeX Font Info:    Checking defaults for OMX/cmex/m/n on input line 221.
LaTeX Font Info:    ... okay on input line 221.
LaTeX Font Info:    Checking defaults for U/cmr/m/n on input line 221.
LaTeX Font Info:    ... okay on input line 221.
LaTeX Font Info:    Checking defaults for PD1/pdf/m/n on input line 221.
LaTeX Font Info:    ... okay on input line 221.
LaTeX Font Info:    Checking defaults for PU/pdf/m/n on input line 221.
LaTeX Font Info:    ... okay on input line 221.
*geometry* driver: auto-detecting
*geometry* detected driver: pdftex
*geometry* verbose mode - [ preamble ] result:
* driver: pdftex
* paper: custom
* layout: <same size as paper>
* layoutoffset:(h,v)=(0.0pt,0.0pt)
* modes: includehead includefoot 
* h-part:(L,W,R)=(28.45274pt, 398.3386pt, 28.45274pt)
* v-part:(T,H,B)=(0.0pt, 256.0748pt, 0.0pt)
* \paperwidth=455.24408pt
* \paperheight=256.0748pt
* \textwidth=398.3386pt
* \textheight=227.62207pt
* \oddsidemargin=-43.81725pt
* \evensidemargin=-43.81725pt
* \topmargin=-72.26999pt
* \headheight=14.22636pt
* \headsep=0.0pt
* \topskip=11.0pt
* \footskip=14.22636pt
* \marginparwidth=4.0pt
* \marginparsep=10.0pt
* \columnsep=10.0pt
* \skip\footins=10.0pt plus 4.0pt minus 2.0pt
* \hoffset=0.0pt
* \voffset=0.0pt
* \mag=1000
* \@twocolumnfalse
* \@twosidefalse
* \@mparswitchfalse
* \@reversemarginfalse
* (1in=72.27pt=25.4mm, 1cm=28.453pt)

(/home/luis/.TinyTeX/texmf-dist/tex/latex/epstopdf-pkg/epstopdf-base.sty
Package: epstopdf-base 2020-01-24 v2.11 Base part for package epstopdf
(/home/luis/.TinyTeX/texmf-dist/tex/latex/grfext/grfext.sty
Package: grfext 2019/12/03 v1.3 Manage graphics extensions (HO)
)
Package epstopdf-base Info: Redefining graphics rule for `.eps' on input line 485.
Package grfext Info: Graphics extension search list:
(grfext)             [.pdf,.png,.jpg,.mps,.jpeg,.jbig2,.jb2,.PDF,.PNG,.JPG,.JPEG,.JBIG2,.JB2,.eps]
(grfext)             \AppendGraphicsExtensions on input line 504.
(/home/luis/.TinyTeX/texmf-dist/tex/latex/latexconfig/epstopdf-sys.cfg
File: epstopdf-sys.cfg 2010/07/13 v1.3 Configuration of (r)epstopdf for TeX Live
))
Package hyperref Info: Link coloring OFF on input line 221.
(./2022-interaction.out) (./2022-interaction.out)
\@outlinefile=\write6
\openout6 = `2022-interaction.out'.

LaTeX Font Info:    Overwriting symbol font `operators' in version `normal'
(Font)                  OT1/lmr/m/n --> OT1/cmss/m/n on input line 221.
LaTeX Font Info:    Overwriting symbol font `operators' in version `bold'
(Font)                  OT1/lmr/bx/n --> OT1/cmss/b/n on input line 221.
LaTeX Font Info:    Overwriting symbol font `operators' in version `normal'
(Font)                  OT1/cmss/m/n --> OT1/Roboto-LF/m/n on input line 221.
LaTeX Font Info:    Overwriting symbol font `operators' in version `bold'
(Font)                  OT1/cmss/b/n --> OT1/Roboto-LF/b/n on input line 221.
\symnumbers=\mathgroup6
\sympureletters=\mathgroup7
LaTeX Font Info:    Overwriting math alphabet `\mathrm' in version `normal'
(Font)                  OT1/Roboto-LF/m/n --> T1/lmr/m/n on input line 221.
LaTeX Font Info:    Redeclaring math alphabet \mathbf on input line 221.
LaTeX Font Info:    Overwriting math alphabet `\mathbf' in version `normal'
(Font)                  OT1/lmr/bx/n --> T1/Roboto-LF/b/n on input line 221.
LaTeX Font Info:    Overwriting math alphabet `\mathbf' in version `bold'
(Font)                  OT1/lmr/bx/n --> T1/Roboto-LF/b/n on input line 221.
LaTeX Font Info:    Redeclaring math alphabet \mathsf on input line 221.
LaTeX Font Info:    Overwriting math alphabet `\mathsf' in version `normal'
(Font)                  OT1/lmss/m/n --> T1/Roboto-LF/m/n on input line 221.
LaTeX Font Info:    Overwriting math alphabet `\mathsf' in version `bold'
(Font)                  OT1/lmss/bx/n --> T1/Roboto-LF/m/n on input line 221.
LaTeX Font Info:    Redeclaring math alphabet \mathit on input line 221.
LaTeX Font Info:    Overwriting math alphabet `\mathit' in version `normal'
(Font)                  OT1/lmr/m/it --> T1/Roboto-LF/m/it on input line 221.
LaTeX Font Info:    Overwriting math alphabet `\mathit' in version `bold'
(Font)                  OT1/lmr/bx/it --> T1/Roboto-LF/m/it on input line 221.
LaTeX Font Info:    Redeclaring math alphabet \mathtt on input line 221.
LaTeX Font Info:    Overwriting math alphabet `\mathtt' in version `normal'
(Font)                  OT1/lmtt/m/n --> T1/lmtt/m/n on input line 221.
LaTeX Font Info:    Overwriting math alphabet `\mathtt' in version `bold'
(Font)                  OT1/lmtt/m/n --> T1/lmtt/m/n on input line 221.
LaTeX Font Info:    Overwriting symbol font `numbers' in version `bold'
(Font)                  T1/Roboto-LF/m/n --> T1/Roboto-LF/b/n on input line 221.
LaTeX Font Info:    Overwriting symbol font `pureletters' in version `bold'
(Font)                  T1/Roboto-LF/m/it --> T1/Roboto-LF/b/it on input line 221.
LaTeX Font Info:    Overwriting math alphabet `\mathrm' in version `bold'
(Font)                  OT1/Roboto-LF/b/n --> T1/lmr/b/n on input line 221.
LaTeX Font Info:    Overwriting math alphabet `\mathbf' in version `bold'
(Font)                  T1/Roboto-LF/b/n --> T1/Roboto-LF/b/n on input line 221.
LaTeX Font Info:    Overwriting math alphabet `\mathsf' in version `bold'
(Font)                  T1/Roboto-LF/m/n --> T1/Roboto-LF/b/n on input line 221.
LaTeX Font Info:    Overwriting math alphabet `\mathit' in version `bold'
(Font)                  T1/Roboto-LF/m/it --> T1/Roboto-LF/b/it on input line 221.
LaTeX Font Info:    Overwriting math alphabet `\mathtt' in version `bold'
(Font)                  T1/lmtt/m/n --> T1/lmtt/b/n on input line 221.
(/home/luis/.TinyTeX/texmf-dist/tex/latex/translator/translator-basic-dictionary-English.dict
Dictionary: translator-basic-dictionary, Language: English 
) (/home/luis/.TinyTeX/texmf-dist/tex/latex/translator/translator-bibliography-dictionary-English.dict
Dictionary: translator-bibliography-dictionary, Language: English 
) (/home/luis/.TinyTeX/texmf-dist/tex/latex/translator/translator-environment-dictionary-English.dict
Dictionary: translator-environment-dictionary, Language: English 
) (/home/luis/.TinyTeX/texmf-dist/tex/latex/translator/translator-months-dictionary-English.dict
Dictionary: translator-months-dictionary, Language: English 
) (/home/luis/.TinyTeX/texmf-dist/tex/latex/translator/translator-numbers-dictionary-English.dict
Dictionary: translator-numbers-dictionary, Language: English 
) (/home/luis/.TinyTeX/texmf-dist/tex/latex/translator/translator-theorem-dictionary-English.dict
Dictionary: translator-theorem-dictionary, Language: English 
)
LaTeX Info: Redefining \microtypecontext on input line 221.
Package microtype Info: Applying patch `item' on input line 221.
Package microtype Info: Applying patch `toc' on input line 221.
Package microtype Info: Applying patch `eqnum' on input line 221.
Package microtype Info: Applying patch `footnote' on input line 221.
Package microtype Info: Generating PDF output.
Package microtype Info: Character protrusion enabled (level 2).
Package microtype Info: Using protrusion set `basicmath'.
Package microtype Info: Automatic font expansion enabled (level 2),
(microtype)             stretch: 20, shrink: 20, step: 1, non-selected.
Package microtype Info: Using default expansion set `alltext-nott'.
LaTeX Info: Redefining \showhyphens on input line 221.
Package microtype Info: No adjustment of tracking.
Package microtype Info: No adjustment of interword spacing.
Package microtype Info: No adjustment of character kerning.
Package microtype Info: Loading generic protrusion settings for font family
(microtype)             `Roboto-LF' (encoding: T1).
(microtype)             For optimal results, create family-specific settings.
(microtype)             See the microtype manual for details.
Package caption Info: Begin \AtBeginDocument code.
Package caption Info: End \AtBeginDocument code.
\c@mv@tabular=\count374
\c@mv@boldtabular=\count375
(./2022-interaction.nav)
LaTeX Font Info:    Font shape `T1/Roboto-LF/m/n' aliased to
(Font)              `T1/Roboto-LF/regular/n' on input line 221.
LaTeX Font Info:    Font shape `T1/Roboto-LF/regular/n' will be
(Font)              scaled to size 6.0pt on input line 221.
LaTeX Font Info:    Font shape `T1/Roboto-LF/m/n' aliased to
(Font)              `T1/Roboto-LF/regular/n' on input line 221.
LaTeX Font Info:    Font shape `T1/Roboto-LF/regular/n' will be
(Font)              scaled to size 8.0pt on input line 221.
<style/VCU-Logo.png, id=39, 497.86pt x 481.8pt>
File: style/VCU-Logo.png Graphic file (type png)
<use style/VCU-Logo.png>
Package pdftex.def Info: style/VCU-Logo.png  used on input line 222.
(pdftex.def)             Requested size: 47.0389pt x 45.52151pt.

Overfull \vbox (67.42151pt too high) detected at line 222
 []

LaTeX Font Info:    Font shape `T1/Roboto-LF/m/n' aliased to
(Font)              `T1/Roboto-LF/regular/n' on input line 222.
LaTeX Font Info:    Font shape `T1/Roboto-LF/regular/n' will be
(Font)              scaled to size 14.4pt on input line 222.
LaTeX Font Info:    Font shape `T1/Roboto-LF/m/sc' aliased to
(Font)              `T1/Roboto-LF/regular/sc' on input line 222.
LaTeX Font Info:    Font shape `T1/Roboto-LF/regular/sc' will be
(Font)              scaled to size 14.4pt on input line 222.
LaTeX Font Info:    Font shape `T1/Roboto-LF/b/sc' aliased to
(Font)              `T1/Roboto-LF/bold/sc' on input line 222.
LaTeX Font Info:    Font shape `T1/Roboto-LF/bold/sc' will be
(Font)              scaled to size 14.4pt on input line 222.
LaTeX Font Info:    Font shape `T1/Roboto-LF/m/n' aliased to
(Font)              `T1/Roboto-LF/regular/n' on input line 222.
LaTeX Font Info:    Font shape `T1/Roboto-LF/regular/n' will be
(Font)              scaled to size 10.0pt on input line 222.
LaTeX Font Info:    Trying to load font information for OT1+Roboto-LF on input line 222.
(/home/luis/.TinyTeX/texmf-dist/tex/latex/roboto/OT1Roboto-LF.fd
File: OT1Roboto-LF.fd 2019/12/11 (autoinst) Font definitions for OT1/Roboto-LF.
)
LaTeX Font Info:    Font shape `OT1/Roboto-LF/m/n' aliased to
(Font)              `OT1/Roboto-LF/regular/n' on input line 222.
LaTeX Font Info:    Font shape `OT1/Roboto-LF/regular/n' will be
(Font)              scaled to size 10.0pt on input line 222.
LaTeX Font Info:    Font shape `OT1/Roboto-LF/m/n' aliased to
(Font)              `OT1/Roboto-LF/regular/n' on input line 222.
LaTeX Font Info:    Font shape `OT1/Roboto-LF/regular/n' will be
(Font)              scaled to size 7.0pt on input line 222.
LaTeX Font Info:    Font shape `OT1/Roboto-LF/m/n' aliased to
(Font)              `OT1/Roboto-LF/regular/n' on input line 222.
LaTeX Font Info:    Font shape `OT1/Roboto-LF/regular/n' will be
(Font)              scaled to size 5.0pt on input line 222.
LaTeX Font Info:    Trying to load font information for OML+lmm on input line 222.
(/home/luis/.TinyTeX/texmf-dist/tex/latex/lm/omllmm.fd
File: omllmm.fd 2015/05/01 v1.6.1 Font defs for Latin Modern
)
LaTeX Font Info:    Trying to load font information for OMS+lmsy on input line 222.
(/home/luis/.TinyTeX/texmf-dist/tex/latex/lm/omslmsy.fd
File: omslmsy.fd 2015/05/01 v1.6.1 Font defs for Latin Modern
)
LaTeX Font Info:    Trying to load font information for OMX+lmex on input line 222.
(/home/luis/.TinyTeX/texmf-dist/tex/latex/lm/omxlmex.fd
File: omxlmex.fd 2015/05/01 v1.6.1 Font defs for Latin Modern
)
LaTeX Font Info:    External font `lmex10' loaded for size
(Font)              <10> on input line 222.
LaTeX Font Info:    External font `lmex10' loaded for size
(Font)              <7> on input line 222.
LaTeX Font Info:    External font `lmex10' loaded for size
(Font)              <5> on input line 222.
LaTeX Font Info:    Trying to load font information for U+msa on input line 222.
(/home/luis/.TinyTeX/texmf-dist/tex/latex/amsfonts/umsa.fd
File: umsa.fd 2013/01/14 v3.01 AMS symbols A
) (/home/luis/.TinyTeX/texmf-dist/tex/latex/microtype/mt-msa.cfg
File: mt-msa.cfg 2006/02/04 v1.1 microtype config. file: AMS symbols (a) (RS)
)
LaTeX Font Info:    Trying to load font information for U+msb on input line 222.
(/home/luis/.TinyTeX/texmf-dist/tex/latex/amsfonts/umsb.fd
File: umsb.fd 2013/01/14 v3.01 AMS symbols B
) (/home/luis/.TinyTeX/texmf-dist/tex/latex/microtype/mt-msb.cfg
File: mt-msb.cfg 2005/06/01 v1.0 microtype config. file: AMS symbols (b) (RS)
)
LaTeX Font Info:    Font shape `T1/Roboto-LF/m/n' aliased to
(Font)              `T1/Roboto-LF/regular/n' on input line 222.
LaTeX Font Info:    Font shape `T1/Roboto-LF/regular/n' will be
(Font)              scaled to size 7.0pt on input line 222.
LaTeX Font Info:    Font shape `T1/Roboto-LF/m/n' aliased to
(Font)              `T1/Roboto-LF/regular/n' on input line 222.
LaTeX Font Info:    Font shape `T1/Roboto-LF/regular/n' will be
(Font)              scaled to size 5.0pt on input line 222.
LaTeX Font Info:    Font shape `T1/Roboto-LF/m/it' aliased to
(Font)              `T1/Roboto-LF/regular/it' on input line 222.
LaTeX Font Info:    Font shape `T1/Roboto-LF/regular/it' will be
(Font)              scaled to size 10.0pt on input line 222.
LaTeX Font Info:    Font shape `T1/Roboto-LF/m/it' aliased to
(Font)              `T1/Roboto-LF/regular/it' on input line 222.
LaTeX Font Info:    Font shape `T1/Roboto-LF/regular/it' will be
(Font)              scaled to size 7.0pt on input line 222.
LaTeX Font Info:    Font shape `T1/Roboto-LF/m/it' aliased to
(Font)              `T1/Roboto-LF/regular/it' on input line 222.
LaTeX Font Info:    Font shape `T1/Roboto-LF/regular/it' will be
(Font)              scaled to size 5.0pt on input line 222.
LaTeX Font Info:    Font shape `T1/Roboto-LF/m/n' aliased to
(Font)              `T1/Roboto-LF/regular/n' on input line 222.
LaTeX Font Info:    Font shape `T1/Roboto-LF/regular/n' will be
(Font)              scaled to size 9.0pt on input line 222.
LaTeX Font Info:    Font shape `OT1/Roboto-LF/m/n' aliased to
(Font)              `OT1/Roboto-LF/regular/n' on input line 222.
LaTeX Font Info:    Font shape `OT1/Roboto-LF/regular/n' will be
(Font)              scaled to size 6.0pt on input line 222.
LaTeX Font Info:    External font `lmex10' loaded for size
(Font)              <6> on input line 222.
LaTeX Font Info:    Font shape `T1/Roboto-LF/m/it' aliased to
(Font)              `T1/Roboto-LF/regular/it' on input line 222.
LaTeX Font Info:    Font shape `T1/Roboto-LF/regular/it' will be
(Font)              scaled to size 6.0pt on input line 222.

Overfull \vbox (48.5919pt too high) detected at line 222
 []

LaTeX Font Info:    Font shape `T1/Roboto-LF/m/n' aliased to
(Font)              `T1/Roboto-LF/regular/n' on input line 222.
LaTeX Font Info:    Font shape `T1/Roboto-LF/regular/n' will be
(Font)              scaled to size 4.0pt on input line 222.
[1

{/home/luis/.TinyTeX/texmf-var/fonts/map/pdftex/updmap/pdftex.map} <./style/VCU-Logo.png>] (./2022-interaction.toc) [2

]
LaTeX Font Info:    Font shape `OT1/Roboto-LF/m/n' aliased to
(Font)              `OT1/Roboto-LF/regular/n' on input line 231.
LaTeX Font Info:    Font shape `OT1/Roboto-LF/regular/n' will be
(Font)              scaled to size 10.95pt on input line 231.
LaTeX Font Info:    Font shape `OT1/Roboto-LF/m/n' aliased to
(Font)              `OT1/Roboto-LF/regular/n' on input line 231.
LaTeX Font Info:    Font shape `OT1/Roboto-LF/regular/n' will be
(Font)              scaled to size 8.0pt on input line 231.
LaTeX Font Info:    External font `lmex10' loaded for size
(Font)              <10.95> on input line 231.
LaTeX Font Info:    External font `lmex10' loaded for size
(Font)              <8> on input line 231.
LaTeX Font Info:    Font shape `T1/Roboto-LF/m/it' aliased to
(Font)              `T1/Roboto-LF/regular/it' on input line 231.
LaTeX Font Info:    Font shape `T1/Roboto-LF/regular/it' will be
(Font)              scaled to size 10.95pt on input line 231.
LaTeX Font Info:    Font shape `T1/Roboto-LF/m/it' aliased to
(Font)              `T1/Roboto-LF/regular/it' on input line 231.
LaTeX Font Info:    Font shape `T1/Roboto-LF/regular/it' will be
(Font)              scaled to size 8.0pt on input line 231.
[3

]
LaTeX Font Info:    Font shape `T1/Roboto-LF/b/n' aliased to
(Font)              `T1/Roboto-LF/bold/n' on input line 254.
LaTeX Font Info:    Font shape `T1/Roboto-LF/bold/n' will be
(Font)              scaled to size 10.95pt on input line 254.
LaTeX Font Info:    Font shape `T1/Roboto-LF/m/n' aliased to
(Font)              `T1/Roboto-LF/regular/n' on input line 254.
LaTeX Font Info:    Font shape `T1/Roboto-LF/regular/n' will be
(Font)              scaled to size 12.0pt on input line 254.
LaTeX Font Info:    Font shape `T1/Roboto-LF/m/sc' aliased to
(Font)              `T1/Roboto-LF/regular/sc' on input line 254.
LaTeX Font Info:    Font shape `T1/Roboto-LF/regular/sc' will be
(Font)              scaled to size 12.0pt on input line 254.
LaTeX Font Info:    Font shape `T1/Roboto-LF/b/sc' aliased to
(Font)              `T1/Roboto-LF/bold/sc' on input line 254.
LaTeX Font Info:    Font shape `T1/Roboto-LF/bold/sc' will be
(Font)              scaled to size 12.0pt on input line 254.
File: style/VCU-Logo.png Graphic file (type png)
<use style/VCU-Logo.png>
Package pdftex.def Info: style/VCU-Logo.png  used on input line 254.
(pdftex.def)             Requested size: 30.85788pt x 29.86246pt.
[4

]
LaTeX Font Info:    Font shape `T1/Roboto-LF/b/it' aliased to
(Font)              `T1/Roboto-LF/bold/it' on input line 277.
LaTeX Font Info:    Font shape `T1/Roboto-LF/bold/it' will be
(Font)              scaled to size 10.95pt on input line 277.
LaTeX Font Info:    Trying to load font information for T1+lmr on input line 277.
(/home/luis/.TinyTeX/texmf-dist/tex/latex/lm/t1lmr.fd
File: t1lmr.fd 2015/05/01 v1.6.1 Font defs for Latin Modern
) (/home/luis/.TinyTeX/texmf-dist/tex/latex/microtype/mt-cmr.cfg
File: mt-cmr.cfg 2013/05/19 v2.2 microtype config. file: Computer Modern Roman (RS)
)
File: style/VCU-Logo.png Graphic file (type png)
<use style/VCU-Logo.png>
Package pdftex.def Info: style/VCU-Logo.png  used on input line 277.
(pdftex.def)             Requested size: 30.85788pt x 29.86246pt.
[5

]
File: style/VCU-Logo.png Graphic file (type png)
<use style/VCU-Logo.png>
Package pdftex.def Info: style/VCU-Logo.png  used on input line 315.
(pdftex.def)             Requested size: 30.85788pt x 29.86246pt.
[6

]
File: style/VCU-Logo.png Graphic file (type png)
<use style/VCU-Logo.png>
Package pdftex.def Info: style/VCU-Logo.png  used on input line 339.
(pdftex.def)             Requested size: 30.85788pt x 29.86246pt.
[7

]
<../graphs/interpret-3.png, id=102, 582.175pt x 319.1925pt>
File: ../graphs/interpret-3.png Graphic file (type png)
<use ../graphs/interpret-3.png>
Package pdftex.def Info: ../graphs/interpret-3.png  used on input line 384.
(pdftex.def)             Requested size: 199.16277pt x 109.19614pt.
File: style/VCU-Logo.png Graphic file (type png)
<use style/VCU-Logo.png>
Package pdftex.def Info: style/VCU-Logo.png  used on input line 384.
(pdftex.def)             Requested size: 30.85788pt x 29.86246pt.
[8

 <../graphs/interpret-3.png>]
<../graphs/interpret-4.png, id=110, 578.16pt x 329.23pt>
File: ../graphs/interpret-4.png Graphic file (type png)
<use ../graphs/interpret-4.png>
Package pdftex.def Info: ../graphs/interpret-4.png  used on input line 430.
(pdftex.def)             Requested size: 199.16547pt x 113.41367pt.
File: style/VCU-Logo.png Graphic file (type png)
<use style/VCU-Logo.png>
Package pdftex.def Info: style/VCU-Logo.png  used on input line 430.
(pdftex.def)             Requested size: 30.85788pt x 29.86246pt.

Overfull \vbox (17.1356pt too high) detected at line 430
 []

[9

 <../graphs/interpret-4.png>] [10

]
File: style/VCU-Logo.png Graphic file (type png)
<use style/VCU-Logo.png>
Package pdftex.def Info: style/VCU-Logo.png  used on input line 449.
(pdftex.def)             Requested size: 30.85788pt x 29.86246pt.
[11

]
File: style/VCU-Logo.png Graphic file (type png)
<use style/VCU-Logo.png>
Package pdftex.def Info: style/VCU-Logo.png  used on input line 464.
(pdftex.def)             Requested size: 30.85788pt x 29.86246pt.
[12

]
File: style/VCU-Logo.png Graphic file (type png)
<use style/VCU-Logo.png>
Package pdftex.def Info: style/VCU-Logo.png  used on input line 478.
(pdftex.def)             Requested size: 30.85788pt x 29.86246pt.
[13

]
File: style/VCU-Logo.png Graphic file (type png)
<use style/VCU-Logo.png>
Package pdftex.def Info: style/VCU-Logo.png  used on input line 490.
(pdftex.def)             Requested size: 30.85788pt x 29.86246pt.
[14

]
Overfull \hbox (9.4905pt too wide) in paragraph at lines 541--541
[]\T1/Roboto-LF/regular/n/10 (-20) Parameter|  
 []

File: style/VCU-Logo.png Graphic file (type png)
<use style/VCU-Logo.png>
Package pdftex.def Info: style/VCU-Logo.png  used on input line 541.
(pdftex.def)             Requested size: 30.85788pt x 29.86246pt.
[15

]
\openout4 = `2022-interaction.vrb'.

(./2022-interaction.vrb
LaTeX Font Info:    Trying to load font information for T1+lmtt on input line 14.
(/home/luis/.TinyTeX/texmf-dist/tex/latex/lm/t1lmtt.fd
File: t1lmtt.fd 2015/05/01 v1.6.1 Font defs for Latin Modern
))
File: style/VCU-Logo.png Graphic file (type png)
<use style/VCU-Logo.png>
Package pdftex.def Info: style/VCU-Logo.png  used on input line 560.
(pdftex.def)             Requested size: 30.85788pt x 29.86246pt.
[16

]
<../graphs/unnamed-chunk-3-1.pdf, id=162, 712.6625pt x 494.84875pt>
File: ../graphs/unnamed-chunk-3-1.pdf Graphic file (type pdf)
<use ../graphs/unnamed-chunk-3-1.pdf>
Package pdftex.def Info: ../graphs/unnamed-chunk-3-1.pdf  used on input line 575.
(pdftex.def)             Requested size: 199.16353pt x 138.29242pt.
File: style/VCU-Logo.png Graphic file (type png)
<use style/VCU-Logo.png>
Package pdftex.def Info: style/VCU-Logo.png  used on input line 575.
(pdftex.def)             Requested size: 30.85788pt x 29.86246pt.
[17

 <../graphs/unnamed-chunk-3-1.pdf>]
File: style/VCU-Logo.png Graphic file (type png)
<use style/VCU-Logo.png>
Package pdftex.def Info: style/VCU-Logo.png  used on input line 592.
(pdftex.def)             Requested size: 30.85788pt x 29.86246pt.
[18

]
File: style/VCU-Logo.png Graphic file (type png)
<use style/VCU-Logo.png>
Package pdftex.def Info: style/VCU-Logo.png  used on input line 638.
(pdftex.def)             Requested size: 30.85788pt x 29.86246pt.

Overfull \vbox (17.1546pt too high) detected at line 638
 []

[19

]
\openout4 = `2022-interaction.vrb'.

(./2022-interaction.vrb
LaTeX Font Info:    Font shape `T1/lmtt/bx/n' in size <6> not available
(Font)              Font shape `T1/lmtt/b/n' tried instead on input line 10.
<../graphs/unnamed-chunk-5-1.pdf, id=192, 712.6625pt x 494.84875pt>
File: ../graphs/unnamed-chunk-5-1.pdf Graphic file (type pdf)
<use ../graphs/unnamed-chunk-5-1.pdf>
Package pdftex.def Info: ../graphs/unnamed-chunk-5-1.pdf  used on input line 24.
(pdftex.def)             Requested size: 199.16353pt x 138.29242pt.
)
File: style/VCU-Logo.png Graphic file (type png)
<use style/VCU-Logo.png>
Package pdftex.def Info: style/VCU-Logo.png  used on input line 667.
(pdftex.def)             Requested size: 30.85788pt x 29.86246pt.
[20

 <../graphs/unnamed-chunk-5-1.pdf>]
\openout4 = `2022-interaction.vrb'.

(./2022-interaction.vrb)
File: style/VCU-Logo.png Graphic file (type png)
<use style/VCU-Logo.png>
Package pdftex.def Info: style/VCU-Logo.png  used on input line 702.
(pdftex.def)             Requested size: 30.85788pt x 29.86246pt.
[21

]
\openout4 = `2022-interaction.vrb'.

(./2022-interaction.vrb
LaTeX Font Info:    Trying to load font information for TS1+lmtt on input line 46.
(/home/luis/.TinyTeX/texmf-dist/tex/latex/lm/ts1lmtt.fd
File: ts1lmtt.fd 2015/05/01 v1.6.1 Font defs for Latin Modern
))
File: style/VCU-Logo.png Graphic file (type png)
<use style/VCU-Logo.png>
Package pdftex.def Info: style/VCU-Logo.png  used on input line 751.
(pdftex.def)             Requested size: 30.85788pt x 29.86246pt.

Overfull \vbox (26.18332pt too high) detected at line 751
 []

[22

]
\openout4 = `2022-interaction.vrb'.

(./2022-interaction.vrb
<../graphs/unnamed-chunk-9-1.pdf, id=222, 712.6625pt x 494.84875pt>
File: ../graphs/unnamed-chunk-9-1.pdf Graphic file (type pdf)
<use ../graphs/unnamed-chunk-9-1.pdf>
Package pdftex.def Info: ../graphs/unnamed-chunk-9-1.pdf  used on input line 28.
(pdftex.def)             Requested size: 199.16353pt x 138.29242pt.
)
File: style/VCU-Logo.png Graphic file (type png)
<use style/VCU-Logo.png>
Package pdftex.def Info: style/VCU-Logo.png  used on input line 784.
(pdftex.def)             Requested size: 30.85788pt x 29.86246pt.
[23

 <../graphs/unnamed-chunk-9-1.pdf>]
\openout4 = `2022-interaction.vrb'.

(./2022-interaction.vrb
<../graphs/unnamed-chunk-11-1.pdf, id=236, 712.6625pt x 494.84875pt>
File: ../graphs/unnamed-chunk-11-1.pdf Graphic file (type pdf)
<use ../graphs/unnamed-chunk-11-1.pdf>
Package pdftex.def Info: ../graphs/unnamed-chunk-11-1.pdf  used on input line 20.
(pdftex.def)             Requested size: 199.16353pt x 138.29242pt.
)
File: style/VCU-Logo.png Graphic file (type png)
<use style/VCU-Logo.png>
Package pdftex.def Info: style/VCU-Logo.png  used on input line 809.
(pdftex.def)             Requested size: 30.85788pt x 29.86246pt.
[24

 <../graphs/unnamed-chunk-11-1.pdf>] [25

]
\openout4 = `2022-interaction.vrb'.

(./2022-interaction.vrb)
File: style/VCU-Logo.png Graphic file (type png)
<use style/VCU-Logo.png>
Package pdftex.def Info: style/VCU-Logo.png  used on input line 859.
(pdftex.def)             Requested size: 30.85788pt x 29.86246pt.
[26

]
\openout4 = `2022-interaction.vrb'.

(./2022-interaction.vrb)
File: style/VCU-Logo.png Graphic file (type png)
<use style/VCU-Logo.png>
Package pdftex.def Info: style/VCU-Logo.png  used on input line 895.
(pdftex.def)             Requested size: 30.85788pt x 29.86246pt.
[27

]
\openout4 = `2022-interaction.vrb'.

(./2022-interaction.vrb
<../graphs/unnamed-chunk-17-1.pdf, id=269, 709.65125pt x 492.84125pt>
File: ../graphs/unnamed-chunk-17-1.pdf Graphic file (type pdf)
<use ../graphs/unnamed-chunk-17-1.pdf>
Package pdftex.def Info: ../graphs/unnamed-chunk-17-1.pdf  used on input line 19.
(pdftex.def)             Requested size: 199.16661pt x 138.31796pt.
)
File: style/VCU-Logo.png Graphic file (type png)
<use style/VCU-Logo.png>
Package pdftex.def Info: style/VCU-Logo.png  used on input line 919.
(pdftex.def)             Requested size: 30.85788pt x 29.86246pt.
[28

 <../graphs/unnamed-chunk-17-1.pdf>]
\openout4 = `2022-interaction.vrb'.

(./2022-interaction.vrb
<../graphs/unnamed-chunk-19-1.pdf, id=287, 709.65125pt x 494.84875pt>
File: ../graphs/unnamed-chunk-19-1.pdf Graphic file (type pdf)
<use ../graphs/unnamed-chunk-19-1.pdf>
Package pdftex.def Info: ../graphs/unnamed-chunk-19-1.pdf  used on input line 39.
(pdftex.def)             Requested size: 199.16661pt x 138.88138pt.
)
File: style/VCU-Logo.png Graphic file (type png)
<use style/VCU-Logo.png>
Package pdftex.def Info: style/VCU-Logo.png  used on input line 964.
(pdftex.def)             Requested size: 30.85788pt x 29.86246pt.
[29

 <../graphs/unnamed-chunk-19-1.pdf>]
\openout4 = `2022-interaction.vrb'.

(./2022-interaction.vrb
<../graphs/unnamed-chunk-21-1.pdf, id=306, 710.655pt x 495.8525pt>
File: ../graphs/unnamed-chunk-21-1.pdf Graphic file (type pdf)
<use ../graphs/unnamed-chunk-21-1.pdf>
Package pdftex.def Info: ../graphs/unnamed-chunk-21-1.pdf  used on input line 21.
(pdftex.def)             Requested size: 199.16638pt x 138.96637pt.
)
File: style/VCU-Logo.png Graphic file (type png)
<use style/VCU-Logo.png>
Package pdftex.def Info: style/VCU-Logo.png  used on input line 991.
(pdftex.def)             Requested size: 30.85788pt x 29.86246pt.
[30

 <../graphs/unnamed-chunk-21-1.pdf>]
\openout4 = `2022-interaction.vrb'.

(./2022-interaction.vrb
<../graphs/unnamed-chunk-23-1.pdf, id=324, 709.65125pt x 494.84875pt>
File: ../graphs/unnamed-chunk-23-1.pdf Graphic file (type pdf)
<use ../graphs/unnamed-chunk-23-1.pdf>
Package pdftex.def Info: ../graphs/unnamed-chunk-23-1.pdf  used on input line 29.
(pdftex.def)             Requested size: 199.16661pt x 138.88138pt.
)
File: style/VCU-Logo.png Graphic file (type png)
<use style/VCU-Logo.png>
Package pdftex.def Info: style/VCU-Logo.png  used on input line 1026.
(pdftex.def)             Requested size: 30.85788pt x 29.86246pt.
[31

 <../graphs/unnamed-chunk-23-1.pdf>]
\openout4 = `2022-interaction.vrb'.

(./2022-interaction.vrb
<../graphs/unnamed-chunk-26-1.pdf, id=343, 709.65125pt x 494.84875pt>
File: ../graphs/unnamed-chunk-26-1.pdf Graphic file (type pdf)
<use ../graphs/unnamed-chunk-26-1.pdf>
Package pdftex.def Info: ../graphs/unnamed-chunk-26-1.pdf  used on input line 24.
(pdftex.def)             Requested size: 199.16661pt x 138.88138pt.
)
File: style/VCU-Logo.png Graphic file (type png)
<use style/VCU-Logo.png>
Package pdftex.def Info: style/VCU-Logo.png  used on input line 1055.
(pdftex.def)             Requested size: 30.85788pt x 29.86246pt.
[32

 <../graphs/unnamed-chunk-26-1.pdf>]
\openout4 = `2022-interaction.vrb'.

(./2022-interaction.vrb)
File: style/VCU-Logo.png Graphic file (type png)
<use style/VCU-Logo.png>
Package pdftex.def Info: style/VCU-Logo.png  used on input line 1088.
(pdftex.def)             Requested size: 30.85788pt x 29.86246pt.
[33

] [34

]
LaTeX Font Info:    Font shape `T1/Roboto-LF/b/n' aliased to
(Font)              `T1/Roboto-LF/bold/n' on input line 1117.
LaTeX Font Info:    Font shape `T1/Roboto-LF/bold/n' will be
(Font)              scaled to size 6.0pt on input line 1117.
File: style/VCU-Logo.png Graphic file (type png)
<use style/VCU-Logo.png>
Package pdftex.def Info: style/VCU-Logo.png  used on input line 1117.
(pdftex.def)             Requested size: 30.85788pt x 29.86246pt.
[35

]
\openout4 = `2022-interaction.vrb'.

(./2022-interaction.vrb
LaTeX Font Info:    Font shape `T1/lmtt/bx/n' in size <10.95> not available
(Font)              Font shape `T1/lmtt/b/n' tried instead on input line 6.
)

LaTeX Font Warning: Font shape `T1/lmtt/bx/sc' undefined
(Font)              using `T1/lmtt/bx/n' instead on input line 1143.

LaTeX Font Info:    Font shape `T1/lmtt/bx/n' in size <12> not available
(Font)              Font shape `T1/lmtt/b/n' tried instead on input line 1143.
LaTeX Font Info:    Font shape `T1/lmtt/bx/sc' in size <12> not available
(Font)              Font shape `T1/lmtt/b/n' tried instead on input line 1143.
File: style/VCU-Logo.png Graphic file (type png)
<use style/VCU-Logo.png>
Package pdftex.def Info: style/VCU-Logo.png  used on input line 1143.
(pdftex.def)             Requested size: 30.85788pt x 29.86246pt.
[36

]
\openout4 = `2022-interaction.vrb'.

(./2022-interaction.vrb
<../graphs/unnamed-chunk-30-1.pdf, id=381, 711.65875pt x 496.85625pt>
File: ../graphs/unnamed-chunk-30-1.pdf Graphic file (type pdf)
<use ../graphs/unnamed-chunk-30-1.pdf>
Package pdftex.def Info: ../graphs/unnamed-chunk-30-1.pdf  used on input line 24.
(pdftex.def)             Requested size: 199.16536pt x 139.05057pt.
)
File: style/VCU-Logo.png Graphic file (type png)
<use style/VCU-Logo.png>
Package pdftex.def Info: style/VCU-Logo.png  used on input line 1172.
(pdftex.def)             Requested size: 30.85788pt x 29.86246pt.
[37

 <../graphs/unnamed-chunk-30-1.pdf>]
\openout4 = `2022-interaction.vrb'.

(./2022-interaction.vrb
<../graphs/unnamed-chunk-32-1.pdf, id=396, 716.6775pt x 496.85625pt>
File: ../graphs/unnamed-chunk-32-1.pdf Graphic file (type pdf)
<use ../graphs/unnamed-chunk-32-1.pdf>
Package pdftex.def Info: ../graphs/unnamed-chunk-32-1.pdf  used on input line 22.
(pdftex.def)             Requested size: 199.17015pt x 138.08014pt.
)
File: style/VCU-Logo.png Graphic file (type png)
<use style/VCU-Logo.png>
Package pdftex.def Info: style/VCU-Logo.png  used on input line 1199.
(pdftex.def)             Requested size: 30.85788pt x 29.86246pt.
[38

 <../graphs/unnamed-chunk-32-1.pdf>]
File: style/VCU-Logo.png Graphic file (type png)
<use style/VCU-Logo.png>
Package pdftex.def Info: style/VCU-Logo.png  used on input line 1225.
(pdftex.def)             Requested size: 30.85788pt x 29.86246pt.
[39

]
\openout4 = `2022-interaction.vrb'.

(./2022-interaction.vrb)
File: style/VCU-Logo.png Graphic file (type png)
<use style/VCU-Logo.png>
Package pdftex.def Info: style/VCU-Logo.png  used on input line 1283.
(pdftex.def)             Requested size: 30.85788pt x 29.86246pt.
[40

]
\openout4 = `2022-interaction.vrb'.

(./2022-interaction.vrb
LaTeX Font Info:    Font shape `T1/Roboto-LF/b/n' aliased to
(Font)              `T1/Roboto-LF/bold/n' on input line 28.
LaTeX Font Info:    Font shape `T1/Roboto-LF/bold/n' will be
(Font)              scaled to size 9.0pt on input line 28.
)
File: style/VCU-Logo.png Graphic file (type png)
<use style/VCU-Logo.png>
Package pdftex.def Info: style/VCU-Logo.png  used on input line 1346.
(pdftex.def)             Requested size: 30.85788pt x 29.86246pt.
[41

]
\openout4 = `2022-interaction.vrb'.

(./2022-interaction.vrb)
File: style/VCU-Logo.png Graphic file (type png)
<use style/VCU-Logo.png>
Package pdftex.def Info: style/VCU-Logo.png  used on input line 1365.
(pdftex.def)             Requested size: 30.85788pt x 29.86246pt.
[42

]
<../graphs/qr-twitter-1.pdf, id=435, 374.39874pt x 373.395pt>
File: ../graphs/qr-twitter-1.pdf Graphic file (type pdf)
<use ../graphs/qr-twitter-1.pdf>
Package pdftex.def Info: ../graphs/qr-twitter-1.pdf  used on input line 1409.
(pdftex.def)             Requested size: 159.3373pt x 158.91013pt.
LaTeX Font Info:    Font shape `T1/Roboto-LF/b/sc' aliased to
(Font)              `T1/Roboto-LF/bold/sc' on input line 1409.
LaTeX Font Info:    Font shape `T1/Roboto-LF/bold/sc' will be
(Font)              scaled to size 17.28pt on input line 1409.

Overfull \hbox (2.70464pt too wide) in paragraph at lines 1409--1409
[][] 
 []

File: style/VCU-Logo.png Graphic file (type png)
<use style/VCU-Logo.png>
Package pdftex.def Info: style/VCU-Logo.png  used on input line 1409.
(pdftex.def)             Requested size: 30.85788pt x 29.86246pt.

Overfull \vbox (84.55069pt too high) detected at line 1409
 []

[43

 <../graphs/qr-twitter-1.pdf>]
LaTeX Font Info:    Font shape `OT1/Roboto-LF/m/n' aliased to
(Font)              `OT1/Roboto-LF/regular/n' on input line 1420.
LaTeX Font Info:    Font shape `OT1/Roboto-LF/regular/n' will be
(Font)              scaled to size 14.4pt on input line 1420.
LaTeX Font Info:    External font `lmex10' loaded for size
(Font)              <14.4> on input line 1420.
LaTeX Font Info:    Font shape `T1/Roboto-LF/m/it' aliased to
(Font)              `T1/Roboto-LF/regular/it' on input line 1420.
LaTeX Font Info:    Font shape `T1/Roboto-LF/regular/it' will be
(Font)              scaled to size 14.4pt on input line 1420.
[44

]
\tf@nav=\write7
\openout7 = `2022-interaction.nav'.

\tf@toc=\write8
\openout8 = `2022-interaction.toc'.

\tf@snm=\write9
\openout9 = `2022-interaction.snm'.

(./2022-interaction.aux)

LaTeX Font Warning: Some font shapes were not available, defaults substituted.

Package rerunfilecheck Info: File `2022-interaction.out' has not changed.
(rerunfilecheck)             Checksum: DAA68D6C1680EB0FF6D91BB8FCD20357;678.
 ) 
Here is how much of TeX's memory you used:
 32856 strings out of 476911
 666407 string characters out of 5824614
 976283 words of memory out of 5000000
 52941 multiletter control sequences out of 15000+600000
 657251 words of font info for 264 fonts, out of 8000000 for 9000
 16 hyphenation exceptions out of 8191
 101i,20n,111p,1885b,1103s stack positions out of 10000i,1000n,20000p,200000b,200000s
{/home/luis/.TinyTeX/texmf-dist/fonts/enc/dvips/lm/lm-ts1.enc}{/home/luis/.TinyTeX/texmf-dist/fonts/enc/dvips/lm/lm-ec.enc}{/home/luis/.TinyTeX/texmf-dist/fonts/enc/dvips/lm/lm-mathit.enc}{/home/luis/.TinyTeX/texmf-dist/fonts/enc/dvips/lm/lm-mathsy.enc}{/home/luis/.TinyTeX/texmf-dist/fonts/enc/dvips/lm/lm-mathex.enc}{/home/luis/.TinyTeX/texmf-dist/fonts/enc/dvips/roboto/rbto_b5rac7.enc}{/home/luis/.TinyTeX/texmf-dist/fonts/enc/dvips/roboto/rbto_schjax.enc}{/home/luis/.TinyTeX/texmf-dist/fonts/enc/dvips/roboto/rbto_shbyjm.enc}</home/luis/.TinyTeX/texmf-dist/fonts/type1/google/roboto/Roboto-Bold.pfb></home/luis/.TinyTeX/texmf-dist/fonts/type1/google/roboto/Roboto-BoldItalic.pfb></home/luis/.TinyTeX/texmf-dist/fonts/type1/google/roboto/Roboto-Italic.pfb></home/luis/.TinyTeX/texmf-dist/fonts/type1/google/roboto/Roboto-Regular.pfb></home/luis/.TinyTeX/texmf-dist/fonts/type1/public/lm/lmex10.pfb></home/luis/.TinyTeX/texmf-dist/fonts/type1/public/lm/lmmi10.pfb></home/luis/.TinyTeX/texmf-dist/fonts/type1/public/lm/lmmi6.pfb></home/luis/.TinyTeX/texmf-dist/fonts/type1/public/lm/lmr10.pfb></home/luis/.TinyTeX/texmf-dist/fonts/type1/public/lm/lmsy10.pfb></home/luis/.TinyTeX/texmf-dist/fonts/type1/public/lm/lmsy6.pfb></home/luis/.TinyTeX/texmf-dist/fonts/type1/public/lm/lmtk10.pfb></home/luis/.TinyTeX/texmf-dist/fonts/type1/public/lm/lmtt10.pfb></home/luis/.TinyTeX/texmf-dist/fonts/type1/public/lm/lmtt8.pfb></home/luis/.TinyTeX/texmf-dist/fonts/type1/public/lm/lmtti10.pfb></home/luis/.TinyTeX/texmf-dist/fonts/type1/public/amsfonts/symbols/msbm10.pfb></home/luis/.TinyTeX/texmf-dist/fonts/type1/public/amsfonts/symbols/msbm7.pfb>
Output written on 2022-interaction.pdf (44 pages, 509440 bytes).
PDF statistics:
 571 PDF objects out of 1000 (max. 8388607)
 437 compressed objects within 5 object streams
 135 named destinations out of 1000 (max. 500000)
 121018 words of extra memory for PDF output out of 128383 (max. 10000000)

